<?xml version="1.0" encoding="UTF-8"?>
<!-- Generated by org.testng.reporters.JUnitXMLReporter -->
<testsuite hostname="jo03me076" ignored="42" name="Default test" tests="1" failures="1" timestamp="17 Jul 2018 13:07:22 GMT" time="36.258" errors="0">
  <testcase name="SubmitNursingApp_Jordanian_Case1000" time="26.039" classname="MoH.RNVLJordanian">
    <failure type="org.openqa.selenium.UnhandledAlertException" message="unexpected alert open: {Alert text : فشل الاتصال بالخادم. (status=404)}
  (Session info: chrome=67.0.3396.99)
  (Driver info: chromedriver=2.35.528161 (5b82f2d2aae0ca24b877009200ced9065a772e73),platform=Windows NT 6.3.9600 x86_64) (WARNING: The server did not provide any stacktrace information)
Command duration or timeout: 9 milliseconds: null
Build info: version: &amp;apos;3.4.0&amp;apos;, revision: &amp;apos;unknown&amp;apos;, time: &amp;apos;unknown&amp;apos;
System info: host: &amp;apos;JO03ME076&amp;apos;, ip: &amp;apos;172.16.1.124&amp;apos;, os.name: &amp;apos;Windows 8.1&amp;apos;, os.arch: &amp;apos;amd64&amp;apos;, os.version: &amp;apos;6.3&amp;apos;, java.version: &amp;apos;1.8.0_131&amp;apos;
Driver info: org.openqa.selenium.chrome.ChromeDriver
Capabilities [{applicationCacheEnabled=false, rotatable=false, mobileEmulationEnabled=false, networkConnectionEnabled=false, chrome={chromedriverVersion=2.35.528161 (5b82f2d2aae0ca24b877009200ced9065a772e73), userDataDir=C:\Users\emasoud\AppData\Local\Temp\scoped_dir29432_3169}, takesHeapSnapshot=true, pageLoadStrategy=normal, databaseEnabled=false, handlesAlerts=true, hasTouchScreen=false, version=67.0.3396.99, platform=WIN8_1, browserConnectionEnabled=false, nativeEvents=true, acceptSslCerts=false, acceptInsecureCerts=false, locationContextEnabled=true, webStorageEnabled=true, browserName=chrome, takesScreenshot=true, javascriptEnabled=true, cssSelectorsEnabled=true, setWindowRect=true, unexpectedAlertBehaviour=}]
Session ID: 96fef5b0eb1cca25858a04ddab56cdda
*** Element info: {Using=id, value=pt1:r1:5:rs1:it1::content}">
      <![CDATA[org.openqa.selenium.UnhandledAlertException: unexpected alert open: {Alert text : فشل الاتصال بالخادم. (status=404)}  (Session info: chrome=67.0.3396.99)  (Driver info: chromedriver=2.35.528161 (5b82f2d2aae0ca24b877009200ced9065a772e73),platform=Windows NT 6.3.9600 x86_64) (WARNING: The server did not provide any stacktrace information)Command duration or timeout: 9 milliseconds: nullBuild info: version: '3.4.0', revision: 'unknown', time: 'unknown'System info: host: 'JO03ME076', ip: '172.16.1.124', os.name: 'Windows 8.1', os.arch: 'amd64', os.version: '6.3', java.version: '1.8.0_131'Driver info: org.openqa.selenium.chrome.ChromeDriverCapabilities [{applicationCacheEnabled=false, rotatable=false, mobileEmulationEnabled=false, networkConnectionEnabled=false, chrome={chromedriverVersion=2.35.528161 (5b82f2d2aae0ca24b877009200ced9065a772e73), userDataDir=C:\Users\emasoud\AppData\Local\Temp\scoped_dir29432_3169}, takesHeapSnapshot=true, pageLoadStrategy=normal, databaseEnabled=false, handlesAlerts=true, hasTouchScreen=false, version=67.0.3396.99, platform=WIN8_1, browserConnectionEnabled=false, nativeEvents=true, acceptSslCerts=false, acceptInsecureCerts=false, locationContextEnabled=true, webStorageEnabled=true, browserName=chrome, takesScreenshot=true, javascriptEnabled=true, cssSelectorsEnabled=true, setWindowRect=true, unexpectedAlertBehaviour=}]Session ID: 96fef5b0eb1cca25858a04ddab56cdda*** Element info: {Using=id, value=pt1:r1:5:rs1:it1::content}at sun.reflect.NativeConstructorAccessorImpl.newInstance0(Native Method)at sun.reflect.NativeConstructorAccessorImpl.newInstance(Unknown Source)at sun.reflect.DelegatingConstructorAccessorImpl.newInstance(Unknown Source)at java.lang.reflect.Constructor.newInstance(Unknown Source)at org.openqa.selenium.remote.ErrorHandler.createThrowable(ErrorHandler.java:215)at org.openqa.selenium.remote.ErrorHandler.throwIfResponseFailed(ErrorHandler.java:173)at org.openqa.selenium.remote.RemoteWebDriver.execute(RemoteWebDriver.java:671)at org.openqa.selenium.remote.RemoteWebDriver.findElement(RemoteWebDriver.java:410)at org.openqa.selenium.remote.RemoteWebDriver.findElementById(RemoteWebDriver.java:453)at org.openqa.selenium.By$ById.findElement(By.java:218)at org.openqa.selenium.remote.RemoteWebDriver.findElement(RemoteWebDriver.java:402)at MoH.RNVLJordanian.SubmitNursingApp_Jordanian_Case1000(RNVLJordanian.java:279)at sun.reflect.NativeMethodAccessorImpl.invoke0(Native Method)at sun.reflect.NativeMethodAccessorImpl.invoke(Unknown Source)at sun.reflect.DelegatingMethodAccessorImpl.invoke(Unknown Source)at java.lang.reflect.Method.invoke(Unknown Source)at org.testng.internal.MethodInvocationHelper.invokeMethod(MethodInvocationHelper.java:124)at org.testng.internal.Invoker.invokeMethod(Invoker.java:571)at org.testng.internal.Invoker.invokeTestMethod(Invoker.java:707)at org.testng.internal.Invoker.invokeTestMethods(Invoker.java:979)at org.testng.internal.TestMethodWorker.invokeTestMethods(TestMethodWorker.java:125)at org.testng.internal.TestMethodWorker.run(TestMethodWorker.java:109)at org.testng.TestRunner.privateRun(TestRunner.java:648)at org.testng.TestRunner.run(TestRunner.java:505)at org.testng.SuiteRunner.runTest(SuiteRunner.java:455)at org.testng.SuiteRunner.runSequentially(SuiteRunner.java:450)at org.testng.SuiteRunner.privateRun(SuiteRunner.java:415)at org.testng.SuiteRunner.run(SuiteRunner.java:364)at org.testng.SuiteRunnerWorker.runSuite(SuiteRunnerWorker.java:52)at org.testng.SuiteRunnerWorker.run(SuiteRunnerWorker.java:84)at org.testng.TestNG.runSuitesSequentially(TestNG.java:1187)at org.testng.TestNG.runSuitesLocally(TestNG.java:1116)at org.testng.TestNG.runSuites(TestNG.java:1028)at org.testng.TestNG.run(TestNG.java:996)at org.testng.remote.AbstractRemoteTestNG.run(AbstractRemoteTestNG.java:114)at org.testng.remote.RemoteTestNG.initAndRun(RemoteTestNG.java:251)at org.testng.remote.RemoteTestNG.main(RemoteTestNG.java:77)]]>
    </failure>
  </testcase> <!-- SubmitNursingApp_Jordanian_Case1000 -->
  <testcase name="SubmitNursingApp_Jordanian_Case1600_2" time="0.0" classname="MoH.RNVLJordanian">
    <ignored/>
  </testcase> <!-- SubmitNursingApp_Jordanian_Case1600_2 -->
  <testcase name="SubmitNursingApp_Jordanian_Case1600_3" time="0.0" classname="MoH.RNVLJordanian">
    <ignored/>
  </testcase> <!-- SubmitNursingApp_Jordanian_Case1600_3 -->
  <testcase name="SubmitNursingApp_Jordanian_Case1410" time="0.0" classname="MoH.RNVLJordanian">
    <ignored/>
  </testcase> <!-- SubmitNursingApp_Jordanian_Case1410 -->
  <testcase name="SubmitNursingApp_Jordanian_Case1600_8" time="0.0" classname="MoH.RNVLJordanian">
    <ignored/>
  </testcase> <!-- SubmitNursingApp_Jordanian_Case1600_8 -->
  <testcase name="SubmitNursingApp_Jordanian_Case1600_9" time="0.0" classname="MoH.RNVLJordanian">
    <ignored/>
  </testcase> <!-- SubmitNursingApp_Jordanian_Case1600_9 -->
  <testcase name="SubmitNursingApp_Jordanian_Case1750" time="0.0" classname="MoH.RNVLJordanian">
    <ignored/>
  </testcase> <!-- SubmitNursingApp_Jordanian_Case1750 -->
  <testcase name="SubmitNursingApp_Jordanian_Case1700_3" time="0.0" classname="MoH.RNVLJordanian">
    <ignored/>
  </testcase> <!-- SubmitNursingApp_Jordanian_Case1700_3 -->
  <testcase name="SubmitNursingApp_Jordanian_Case1600_5" time="0.0" classname="MoH.RNVLJordanian">
    <ignored/>
  </testcase> <!-- SubmitNursingApp_Jordanian_Case1600_5 -->
  <testcase name="SubmitNursingApp_Jordanian_Case1600_6" time="0.0" classname="MoH.RNVLJordanian">
    <ignored/>
  </testcase> <!-- SubmitNursingApp_Jordanian_Case1600_6 -->
  <testcase name="SubmitNursingApp_Jordanian_Case1600_7" time="0.0" classname="MoH.RNVLJordanian">
    <ignored/>
  </testcase> <!-- SubmitNursingApp_Jordanian_Case1600_7 -->
  <testcase name="SubmitNursingApp_Jordanian_Case1900" time="0.0" classname="MoH.RNVLJordanian">
    <ignored/>
  </testcase> <!-- SubmitNursingApp_Jordanian_Case1900 -->
  <testcase name="MyPage_EditContactDetails_HealthInstitute" time="0.0" classname="MoH.RNVLJordanian">
    <ignored/>
  </testcase> <!-- MyPage_EditContactDetails_HealthInstitute -->
  <testcase name="SubmitNursingApp_Jordanian_Case1920" time="0.0" classname="MoH.RNVLJordanian">
    <ignored/>
  </testcase> <!-- SubmitNursingApp_Jordanian_Case1920 -->
  <testcase name="SubmitNursingApp_Jordanian_Case1700" time="0.0" classname="MoH.RNVLJordanian">
    <ignored/>
  </testcase> <!-- SubmitNursingApp_Jordanian_Case1700 -->
  <testcase name="ContactUs_Case8200" time="0.0" classname="MoH.RNVLJordanian">
    <ignored/>
  </testcase> <!-- ContactUs_Case8200 -->
  <testcase name="SubmitNursingApp_Jordanian_Case1800" time="0.0" classname="MoH.RNVLJordanian">
    <ignored/>
  </testcase> <!-- SubmitNursingApp_Jordanian_Case1800 -->
  <testcase name="SubmitNursingApp_Jordanian_Case1500" time="0.0" classname="MoH.RNVLJordanian">
    <ignored/>
  </testcase> <!-- SubmitNursingApp_Jordanian_Case1500 -->
  <testcase name="SubmitNursingApp_Jordanian_Case1720" time="0.0" classname="MoH.RNVLJordanian">
    <ignored/>
  </testcase> <!-- SubmitNursingApp_Jordanian_Case1720 -->
  <testcase name="ContactUs_Case8000" time="0.0" classname="MoH.RNVLJordanian">
    <ignored/>
  </testcase> <!-- ContactUs_Case8000 -->
  <testcase name="SubmitNursingApp_Jordanian_Case1820" time="0.0" classname="MoH.RNVLJordanian">
    <ignored/>
  </testcase> <!-- SubmitNursingApp_Jordanian_Case1820 -->
  <testcase name="SubmitNursingApp_Jordanian_Case1700_2" time="0.0" classname="MoH.RNVLJordanian">
    <ignored/>
  </testcase> <!-- SubmitNursingApp_Jordanian_Case1700_2 -->
  <testcase name="SubmitNursingApp_Jordanian_Case1721" time="0.0" classname="MoH.RNVLJordanian">
    <ignored/>
  </testcase> <!-- SubmitNursingApp_Jordanian_Case1721 -->
  <testcase name="SubmitNursingApp_Jordanian_Case1600" time="0.0" classname="MoH.RNVLJordanian">
    <ignored/>
  </testcase> <!-- SubmitNursingApp_Jordanian_Case1600 -->
  <testcase name="ContactUs_Case8100" time="0.0" classname="MoH.RNVLJordanian">
    <ignored/>
  </testcase> <!-- ContactUs_Case8100 -->
  <testcase name="SubmitNursingApp_Jordanian_Case1400" time="0.0" classname="MoH.RNVLJordanian">
    <ignored/>
  </testcase> <!-- SubmitNursingApp_Jordanian_Case1400 -->
  <testcase name="SubmitNursingApp_Jordanian_Case1600_4" time="0.0" classname="MoH.RNVLJordanian">
    <ignored/>
  </testcase> <!-- SubmitNursingApp_Jordanian_Case1600_4 -->
  <testcase name="SubmitNursingApp_Jordanian_Case1300" time="0.0" classname="MoH.RNVLJordanian">
    <ignored/>
  </testcase> <!-- SubmitNursingApp_Jordanian_Case1300 -->
  <testcase name="SubmitNursingApp_Jordanian_Case1740" time="0.0" classname="MoH.RNVLJordanian">
    <ignored/>
  </testcase> <!-- SubmitNursingApp_Jordanian_Case1740 -->
  <testcase name="MyPage_EditContactDetails_Jordanain" time="0.0" classname="MoH.RNVLJordanian">
    <ignored/>
  </testcase> <!-- MyPage_EditContactDetails_Jordanain -->
  <testcase name="SubmitNursingApp_Jordanian_Case1760" time="0.0" classname="MoH.RNVLJordanian">
    <ignored/>
  </testcase> <!-- SubmitNursingApp_Jordanian_Case1760 -->
  <testcase name="SubmitNursingApp_Jordanian_Case1200" time="0.0" classname="MoH.RNVLJordanian">
    <ignored/>
  </testcase> <!-- SubmitNursingApp_Jordanian_Case1200 -->
  <testcase name="SubmitNursingApp_Jordanian_Case1600_10" time="0.0" classname="MoH.RNVLJordanian">
    <ignored/>
  </testcase> <!-- SubmitNursingApp_Jordanian_Case1600_10 -->
  <testcase name="SubmitNursingApp_Jordanian_Case1600_12" time="0.0" classname="MoH.RNVLJordanian">
    <ignored/>
  </testcase> <!-- SubmitNursingApp_Jordanian_Case1600_12 -->
  <testcase name="SubmitNursingApp_Jordanian_Case1600_11" time="0.0" classname="MoH.RNVLJordanian">
    <ignored/>
  </testcase> <!-- SubmitNursingApp_Jordanian_Case1600_11 -->
  <testcase name="SubmitNursingApp_Jordanian_Case1810" time="0.0" classname="MoH.RNVLJordanian">
    <ignored/>
  </testcase> <!-- SubmitNursingApp_Jordanian_Case1810 -->
  <testcase name="SubmitNursingApp_Jordanian_Case1500_2" time="0.0" classname="MoH.RNVLJordanian">
    <ignored/>
  </testcase> <!-- SubmitNursingApp_Jordanian_Case1500_2 -->
  <testcase name="SubmitNursingApp_Jordanian_Case1910" time="0.0" classname="MoH.RNVLJordanian">
    <ignored/>
  </testcase> <!-- SubmitNursingApp_Jordanian_Case1910 -->
  <testcase name="MyPage_EditContactDetails_RoyalMedicalServices" time="0.0" classname="MoH.RNVLJordanian">
    <ignored/>
  </testcase> <!-- MyPage_EditContactDetails_RoyalMedicalServices -->
  <testcase name="SubmitNursingApp_Jordanian_Case1731" time="0.0" classname="MoH.RNVLJordanian">
    <ignored/>
  </testcase> <!-- SubmitNursingApp_Jordanian_Case1731 -->
  <testcase name="SubmitNursingApp_Jordanian_Case1710" time="0.0" classname="MoH.RNVLJordanian">
    <ignored/>
  </testcase> <!-- SubmitNursingApp_Jordanian_Case1710 -->
  <testcase name="SubmitNursingApp_Jordanian_Case1510" time="0.0" classname="MoH.RNVLJordanian">
    <ignored/>
  </testcase> <!-- SubmitNursingApp_Jordanian_Case1510 -->
  <testcase name="SubmitNursingApp_Jordanian_Case1730" time="0.0" classname="MoH.RNVLJordanian">
    <ignored/>
  </testcase> <!-- SubmitNursingApp_Jordanian_Case1730 -->
</testsuite> <!-- Default test -->
