<?xml version="1.0" encoding="UTF-8"?>
<!-- Generated by org.testng.reporters.JUnitXMLReporter -->
<testsuite hostname="jo03me076" ignored="0" name="Default test" tests="20" failures="0" timestamp="17 Jul 2018 09:34:15 GMT" time="0.944" errors="0">
  <testcase name="@BeforeMethod GetDriver" time="0.143" classname="MoH.RNVLRMS">
    <failure type="java.lang.IllegalStateException" message="The driver executable does not exist: D:\MoH\src\MoH\chromedriver.exe">
      <![CDATA[java.lang.IllegalStateException: The driver executable does not exist: D:\MoH\src\MoH\chromedriver.exeat com.google.common.base.Preconditions.checkState(Preconditions.java:518)at org.openqa.selenium.remote.service.DriverService.checkExecutable(DriverService.java:136)at org.openqa.selenium.remote.service.DriverService.findExecutable(DriverService.java:131)at org.openqa.selenium.chrome.ChromeDriverService.access$000(ChromeDriverService.java:32)at org.openqa.selenium.chrome.ChromeDriverService$Builder.findDefaultExecutable(ChromeDriverService.java:137)at org.openqa.selenium.remote.service.DriverService$Builder.build(DriverService.java:330)at org.openqa.selenium.chrome.ChromeDriverService.createDefaultService(ChromeDriverService.java:88)at org.openqa.selenium.chrome.ChromeDriver.<init>(ChromeDriver.java:124)at MoH.RNVLRMS.GetDriver(RNVLRMS.java:33)at sun.reflect.NativeMethodAccessorImpl.invoke0(Native Method)at sun.reflect.NativeMethodAccessorImpl.invoke(Unknown Source)at sun.reflect.DelegatingMethodAccessorImpl.invoke(Unknown Source)at java.lang.reflect.Method.invoke(Unknown Source)at org.testng.internal.MethodInvocationHelper.invokeMethod(MethodInvocationHelper.java:124)at org.testng.internal.MethodInvocationHelper.invokeMethodConsideringTimeout(MethodInvocationHelper.java:59)at org.testng.internal.Invoker.invokeConfigurationMethod(Invoker.java:451)at org.testng.internal.Invoker.invokeConfigurations(Invoker.java:222)at org.testng.internal.Invoker.invokeMethod(Invoker.java:516)at org.testng.internal.Invoker.invokeTestMethod(Invoker.java:707)at org.testng.internal.Invoker.invokeTestMethods(Invoker.java:979)at org.testng.internal.TestMethodWorker.invokeTestMethods(TestMethodWorker.java:125)at org.testng.internal.TestMethodWorker.run(TestMethodWorker.java:109)at org.testng.TestRunner.privateRun(TestRunner.java:648)at org.testng.TestRunner.run(TestRunner.java:505)at org.testng.SuiteRunner.runTest(SuiteRunner.java:455)at org.testng.SuiteRunner.runSequentially(SuiteRunner.java:450)at org.testng.SuiteRunner.privateRun(SuiteRunner.java:415)at org.testng.SuiteRunner.run(SuiteRunner.java:364)at org.testng.SuiteRunnerWorker.runSuite(SuiteRunnerWorker.java:52)at org.testng.SuiteRunnerWorker.run(SuiteRunnerWorker.java:84)at org.testng.TestNG.runSuitesSequentially(TestNG.java:1187)at org.testng.TestNG.runSuitesLocally(TestNG.java:1116)at org.testng.TestNG.runSuites(TestNG.java:1028)at org.testng.TestNG.run(TestNG.java:996)at org.testng.remote.AbstractRemoteTestNG.run(AbstractRemoteTestNG.java:114)at org.testng.remote.RemoteTestNG.initAndRun(RemoteTestNG.java:251)at org.testng.remote.RemoteTestNG.main(RemoteTestNG.java:77)]]>
    </failure>
  </testcase> <!-- @BeforeMethod GetDriver -->
  <testcase name="@AfterMethod End" time="0.0" classname="MoH.RNVLRMS">
    <skipped/>
  </testcase> <!-- @AfterMethod End -->
  <testcase name="@BeforeMethod GetDriver" time="0.0" classname="MoH.RNVLRMS">
    <skipped/>
  </testcase> <!-- @BeforeMethod GetDriver -->
  <testcase name="@AfterMethod End" time="0.0" classname="MoH.RNVLRMS">
    <skipped/>
  </testcase> <!-- @AfterMethod End -->
  <testcase name="@BeforeMethod GetDriver" time="0.0" classname="MoH.RNVLRMS">
    <skipped/>
  </testcase> <!-- @BeforeMethod GetDriver -->
  <testcase name="@AfterMethod End" time="0.0" classname="MoH.RNVLRMS">
    <skipped/>
  </testcase> <!-- @AfterMethod End -->
  <testcase name="@BeforeMethod GetDriver" time="0.0" classname="MoH.RNVLRMS">
    <skipped/>
  </testcase> <!-- @BeforeMethod GetDriver -->
  <testcase name="@AfterMethod End" time="0.0" classname="MoH.RNVLRMS">
    <skipped/>
  </testcase> <!-- @AfterMethod End -->
  <testcase name="@BeforeMethod GetDriver" time="0.0" classname="MoH.RNVLRMS">
    <skipped/>
  </testcase> <!-- @BeforeMethod GetDriver -->
  <testcase name="@AfterMethod End" time="0.0" classname="MoH.RNVLRMS">
    <skipped/>
  </testcase> <!-- @AfterMethod End -->
  <testcase name="@BeforeMethod GetDriver" time="0.0" classname="MoH.RNVLRMS">
    <skipped/>
  </testcase> <!-- @BeforeMethod GetDriver -->
  <testcase name="@AfterMethod End" time="0.0" classname="MoH.RNVLRMS">
    <skipped/>
  </testcase> <!-- @AfterMethod End -->
  <testcase name="@BeforeMethod GetDriver" time="0.0" classname="MoH.RNVLRMS">
    <skipped/>
  </testcase> <!-- @BeforeMethod GetDriver -->
  <testcase name="@AfterMethod End" time="0.0" classname="MoH.RNVLRMS">
    <skipped/>
  </testcase> <!-- @AfterMethod End -->
  <testcase name="@BeforeMethod GetDriver" time="0.0" classname="MoH.RNVLRMS">
    <skipped/>
  </testcase> <!-- @BeforeMethod GetDriver -->
  <testcase name="@AfterMethod End" time="0.0" classname="MoH.RNVLRMS">
    <skipped/>
  </testcase> <!-- @AfterMethod End -->
  <testcase name="@BeforeMethod GetDriver" time="0.0" classname="MoH.RNVLRMS">
    <skipped/>
  </testcase> <!-- @BeforeMethod GetDriver -->
  <testcase name="@AfterMethod End" time="0.0" classname="MoH.RNVLRMS">
    <skipped/>
  </testcase> <!-- @AfterMethod End -->
  <testcase name="@BeforeMethod GetDriver" time="0.0" classname="MoH.RNVLRMS">
    <skipped/>
  </testcase> <!-- @BeforeMethod GetDriver -->
  <testcase name="@AfterMethod End" time="0.0" classname="MoH.RNVLRMS">
    <skipped/>
  </testcase> <!-- @AfterMethod End -->
  <testcase name="@BeforeMethod GetDriver" time="0.0" classname="MoH.RNVLRMS">
    <skipped/>
  </testcase> <!-- @BeforeMethod GetDriver -->
  <testcase name="@AfterMethod End" time="0.0" classname="MoH.RNVLRMS">
    <skipped/>
  </testcase> <!-- @AfterMethod End -->
  <testcase name="@BeforeMethod GetDriver" time="0.0" classname="MoH.RNVLRMS">
    <skipped/>
  </testcase> <!-- @BeforeMethod GetDriver -->
  <testcase name="@AfterMethod End" time="0.0" classname="MoH.RNVLRMS">
    <skipped/>
  </testcase> <!-- @AfterMethod End -->
  <testcase name="@BeforeMethod GetDriver" time="0.0" classname="MoH.RNVLRMS">
    <skipped/>
  </testcase> <!-- @BeforeMethod GetDriver -->
  <testcase name="@AfterMethod End" time="0.0" classname="MoH.RNVLRMS">
    <skipped/>
  </testcase> <!-- @AfterMethod End -->
  <testcase name="@BeforeMethod GetDriver" time="0.0" classname="MoH.RNVLRMS">
    <skipped/>
  </testcase> <!-- @BeforeMethod GetDriver -->
  <testcase name="@AfterMethod End" time="0.0" classname="MoH.RNVLRMS">
    <skipped/>
  </testcase> <!-- @AfterMethod End -->
  <testcase name="@BeforeMethod GetDriver" time="0.0" classname="MoH.RNVLRMS">
    <skipped/>
  </testcase> <!-- @BeforeMethod GetDriver -->
  <testcase name="@AfterMethod End" time="0.0" classname="MoH.RNVLRMS">
    <skipped/>
  </testcase> <!-- @AfterMethod End -->
  <testcase name="@BeforeMethod GetDriver" time="0.0" classname="MoH.RNVLRMS">
    <skipped/>
  </testcase> <!-- @BeforeMethod GetDriver -->
  <testcase name="@AfterMethod End" time="0.0" classname="MoH.RNVLRMS">
    <skipped/>
  </testcase> <!-- @AfterMethod End -->
  <testcase name="@BeforeMethod GetDriver" time="0.0" classname="MoH.RNVLRMS">
    <skipped/>
  </testcase> <!-- @BeforeMethod GetDriver -->
  <testcase name="@AfterMethod End" time="0.0" classname="MoH.RNVLRMS">
    <skipped/>
  </testcase> <!-- @AfterMethod End -->
  <testcase name="@BeforeMethod GetDriver" time="0.0" classname="MoH.RNVLRMS">
    <skipped/>
  </testcase> <!-- @BeforeMethod GetDriver -->
  <testcase name="@AfterMethod End" time="0.0" classname="MoH.RNVLRMS">
    <skipped/>
  </testcase> <!-- @AfterMethod End -->
  <testcase name="@BeforeMethod GetDriver" time="0.0" classname="MoH.RNVLRMS">
    <skipped/>
  </testcase> <!-- @BeforeMethod GetDriver -->
  <testcase name="@AfterMethod End" time="0.0" classname="MoH.RNVLRMS">
    <skipped/>
  </testcase> <!-- @AfterMethod End -->
  <testcase name="@BeforeMethod GetDriver" time="0.0" classname="MoH.RNVLRMS">
    <skipped/>
  </testcase> <!-- @BeforeMethod GetDriver -->
  <testcase name="@AfterMethod End" time="0.0" classname="MoH.RNVLRMS">
    <skipped/>
  </testcase> <!-- @AfterMethod End -->
  <testcase name="SubmitNursingApp_RMS_Case3000" time="0.0" classname="MoH.RNVLRMS">
    <skipped/>
  </testcase> <!-- SubmitNursingApp_RMS_Case3000 -->
  <testcase name="SubmitNursingApp_RMS_Case3200" time="0.0" classname="MoH.RNVLRMS">
    <skipped/>
  </testcase> <!-- SubmitNursingApp_RMS_Case3200 -->
  <testcase name="SubmitNursingApp_RMS_Case3210" time="0.0" classname="MoH.RNVLRMS">
    <skipped/>
  </testcase> <!-- SubmitNursingApp_RMS_Case3210 -->
  <testcase name="RMS_Case3400" time="0.0" classname="MoH.RNVLRMS">
    <skipped/>
  </testcase> <!-- RMS_Case3400 -->
  <testcase name="SubmitNursingApp_RMS_Case3300" time="0.0" classname="MoH.RNVLRMS">
    <skipped/>
  </testcase> <!-- SubmitNursingApp_RMS_Case3300 -->
  <testcase name="SubmitNursingApp_RMS_Case3500" time="0.0" classname="MoH.RNVLRMS">
    <skipped/>
  </testcase> <!-- SubmitNursingApp_RMS_Case3500 -->
  <testcase name="SubmitNursingApp_RMS_Dead_Case3500" time="0.0" classname="MoH.RNVLRMS">
    <skipped/>
  </testcase> <!-- SubmitNursingApp_RMS_Dead_Case3500 -->
  <testcase name="SubmitNursingApp_RMS_Case3600" time="0.0" classname="MoH.RNVLRMS">
    <skipped/>
  </testcase> <!-- SubmitNursingApp_RMS_Case3600 -->
  <testcase name="SubmitNursingApp_RMS_Case3700" time="0.0" classname="MoH.RNVLRMS">
    <skipped/>
  </testcase> <!-- SubmitNursingApp_RMS_Case3700 -->
  <testcase name="SubmitNursingApp_RMS_Case3710" time="0.0" classname="MoH.RNVLRMS">
    <skipped/>
  </testcase> <!-- SubmitNursingApp_RMS_Case3710 -->
  <testcase name="SubmitNursingApp_RMS_Case3720" time="0.0" classname="MoH.RNVLRMS">
    <skipped/>
  </testcase> <!-- SubmitNursingApp_RMS_Case3720 -->
  <testcase name="SubmitNursingApp_RMS_Case3721" time="0.0" classname="MoH.RNVLRMS">
    <skipped/>
  </testcase> <!-- SubmitNursingApp_RMS_Case3721 -->
  <testcase name="SubmitNursingApp_RMS_Case3730" time="0.0" classname="MoH.RNVLRMS">
    <skipped/>
  </testcase> <!-- SubmitNursingApp_RMS_Case3730 -->
  <testcase name="SubmitNursingApp_RMS_Case3731" time="0.0" classname="MoH.RNVLRMS">
    <skipped/>
  </testcase> <!-- SubmitNursingApp_RMS_Case3731 -->
  <testcase name="SubmitNursingApp_RMS_Case3740" time="0.0" classname="MoH.RNVLRMS">
    <skipped/>
  </testcase> <!-- SubmitNursingApp_RMS_Case3740 -->
  <testcase name="SubmitNursingApp_RMS_Case3810" time="0.0" classname="MoH.RNVLRMS">
    <skipped/>
  </testcase> <!-- SubmitNursingApp_RMS_Case3810 -->
  <testcase name="SubmitNursingApp_RMS_Case3820" time="0.0" classname="MoH.RNVLRMS">
    <skipped/>
  </testcase> <!-- SubmitNursingApp_RMS_Case3820 -->
  <testcase name="SubmitNursingApp_RMS_Case3760" time="0.0" classname="MoH.RNVLRMS">
    <skipped/>
  </testcase> <!-- SubmitNursingApp_RMS_Case3760 -->
  <testcase name="SubmitNursingApp_RMS_Case3800" time="0.0" classname="MoH.RNVLRMS">
    <skipped/>
  </testcase> <!-- SubmitNursingApp_RMS_Case3800 -->
  <testcase name="SubmitNursingApp_RMS_Case3750" time="0.0" classname="MoH.RNVLRMS">
    <skipped/>
  </testcase> <!-- SubmitNursingApp_RMS_Case3750 -->
</testsuite> <!-- Default test -->
