<?xml version="1.0" encoding="UTF-8"?>
<!-- Generated by org.testng.reporters.JUnitXMLReporter -->
<testsuite hostname="jo03me076" ignored="0" name="firefox" tests="43" failures="0" timestamp="26 Jun 2018 12:53:45 GMT" time="14.502" errors="0">
  <testcase name="@BeforeMethod CrossBrowser" time="12.779" classname="MoH.RNVLJordanian">
    <failure type="org.openqa.selenium.SessionNotCreatedException" message="Unable to create new remote session. desired capabilities = Capabilities [{moz:firefoxOptions={binary=Optional.empty, args=[], legacy=null, logLevel=null, prefs={}, profile=null}}], required capabilities = Capabilities [{moz:firefoxOptions={binary=Optional.empty, args=[], legacy=null, logLevel=null, prefs={}, profile=null}}]
Build info: version: &amp;apos;unknown&amp;apos;, revision: &amp;apos;5234b32&amp;apos;, time: &amp;apos;2017-03-10 09:00:17 -0800&amp;apos;
System info: host: &amp;apos;JO03ME076&amp;apos;, ip: &amp;apos;172.16.1.124&amp;apos;, os.name: &amp;apos;Windows 8.1&amp;apos;, os.arch: &amp;apos;amd64&amp;apos;, os.version: &amp;apos;6.3&amp;apos;, java.version: &amp;apos;1.8.0_131&amp;apos;
Driver info: driver.version: FirefoxDriver">
      <![CDATA[org.openqa.selenium.SessionNotCreatedException: Unable to create new remote session. desired capabilities = Capabilities [{moz:firefoxOptions={binary=Optional.empty, args=[], legacy=null, logLevel=null, prefs={}, profile=null}}], required capabilities = Capabilities [{moz:firefoxOptions={binary=Optional.empty, args=[], legacy=null, logLevel=null, prefs={}, profile=null}}]Build info: version: 'unknown', revision: '5234b32', time: '2017-03-10 09:00:17 -0800'System info: host: 'JO03ME076', ip: '172.16.1.124', os.name: 'Windows 8.1', os.arch: 'amd64', os.version: '6.3', java.version: '1.8.0_131'Driver info: driver.version: FirefoxDriverat org.openqa.selenium.remote.ProtocolHandshake.createSession(ProtocolHandshake.java:126)at org.openqa.selenium.remote.HttpCommandExecutor.execute(HttpCommandExecutor.java:141)at org.openqa.selenium.remote.service.DriverCommandExecutor.execute(DriverCommandExecutor.java:82)at org.openqa.selenium.remote.RemoteWebDriver.execute(RemoteWebDriver.java:604)at org.openqa.selenium.remote.RemoteWebDriver.startSession(RemoteWebDriver.java:244)at org.openqa.selenium.remote.RemoteWebDriver.<init>(RemoteWebDriver.java:131)at org.openqa.selenium.firefox.FirefoxDriver.<init>(FirefoxDriver.java:218)at org.openqa.selenium.firefox.FirefoxDriver.<init>(FirefoxDriver.java:125)at org.openqa.selenium.firefox.FirefoxDriver.<init>(FirefoxDriver.java:121)at MoH.RNVLJordanian.CrossBrowser(RNVLJordanian.java:80)... Removed 28 stack frames]]>
    </failure>
  </testcase> <!-- @BeforeMethod CrossBrowser -->
  <testcase name="@AfterMethod End" time="0.0" classname="MoH.RNVLJordanian">
    <skipped/>
  </testcase> <!-- @AfterMethod End -->
  <testcase name="@BeforeMethod CrossBrowser" time="0.0" classname="MoH.RNVLJordanian">
    <skipped/>
  </testcase> <!-- @BeforeMethod CrossBrowser -->
  <testcase name="@AfterMethod End" time="0.0" classname="MoH.RNVLJordanian">
    <skipped/>
  </testcase> <!-- @AfterMethod End -->
  <testcase name="@BeforeMethod CrossBrowser" time="0.0" classname="MoH.RNVLJordanian">
    <skipped/>
  </testcase> <!-- @BeforeMethod CrossBrowser -->
  <testcase name="@AfterMethod End" time="0.0" classname="MoH.RNVLJordanian">
    <skipped/>
  </testcase> <!-- @AfterMethod End -->
  <testcase name="@BeforeMethod CrossBrowser" time="0.0" classname="MoH.RNVLJordanian">
    <skipped/>
  </testcase> <!-- @BeforeMethod CrossBrowser -->
  <testcase name="@AfterMethod End" time="0.0" classname="MoH.RNVLJordanian">
    <skipped/>
  </testcase> <!-- @AfterMethod End -->
  <testcase name="@BeforeMethod CrossBrowser" time="0.0" classname="MoH.RNVLJordanian">
    <skipped/>
  </testcase> <!-- @BeforeMethod CrossBrowser -->
  <testcase name="@AfterMethod End" time="0.0" classname="MoH.RNVLJordanian">
    <skipped/>
  </testcase> <!-- @AfterMethod End -->
  <testcase name="@BeforeMethod CrossBrowser" time="0.0" classname="MoH.RNVLJordanian">
    <skipped/>
  </testcase> <!-- @BeforeMethod CrossBrowser -->
  <testcase name="@AfterMethod End" time="0.0" classname="MoH.RNVLJordanian">
    <skipped/>
  </testcase> <!-- @AfterMethod End -->
  <testcase name="@BeforeMethod CrossBrowser" time="0.0" classname="MoH.RNVLJordanian">
    <skipped/>
  </testcase> <!-- @BeforeMethod CrossBrowser -->
  <testcase name="@AfterMethod End" time="0.0" classname="MoH.RNVLJordanian">
    <skipped/>
  </testcase> <!-- @AfterMethod End -->
  <testcase name="@BeforeMethod CrossBrowser" time="0.0" classname="MoH.RNVLJordanian">
    <skipped/>
  </testcase> <!-- @BeforeMethod CrossBrowser -->
  <testcase name="@AfterMethod End" time="0.0" classname="MoH.RNVLJordanian">
    <skipped/>
  </testcase> <!-- @AfterMethod End -->
  <testcase name="@BeforeMethod CrossBrowser" time="0.0" classname="MoH.RNVLJordanian">
    <skipped/>
  </testcase> <!-- @BeforeMethod CrossBrowser -->
  <testcase name="@AfterMethod End" time="0.0" classname="MoH.RNVLJordanian">
    <skipped/>
  </testcase> <!-- @AfterMethod End -->
  <testcase name="@BeforeMethod CrossBrowser" time="0.0" classname="MoH.RNVLJordanian">
    <skipped/>
  </testcase> <!-- @BeforeMethod CrossBrowser -->
  <testcase name="@AfterMethod End" time="0.0" classname="MoH.RNVLJordanian">
    <skipped/>
  </testcase> <!-- @AfterMethod End -->
  <testcase name="@BeforeMethod CrossBrowser" time="0.0" classname="MoH.RNVLJordanian">
    <skipped/>
  </testcase> <!-- @BeforeMethod CrossBrowser -->
  <testcase name="@AfterMethod End" time="0.0" classname="MoH.RNVLJordanian">
    <skipped/>
  </testcase> <!-- @AfterMethod End -->
  <testcase name="@BeforeMethod CrossBrowser" time="0.0" classname="MoH.RNVLJordanian">
    <skipped/>
  </testcase> <!-- @BeforeMethod CrossBrowser -->
  <testcase name="@AfterMethod End" time="0.0" classname="MoH.RNVLJordanian">
    <skipped/>
  </testcase> <!-- @AfterMethod End -->
  <testcase name="@BeforeMethod CrossBrowser" time="0.0" classname="MoH.RNVLJordanian">
    <skipped/>
  </testcase> <!-- @BeforeMethod CrossBrowser -->
  <testcase name="@AfterMethod End" time="0.0" classname="MoH.RNVLJordanian">
    <skipped/>
  </testcase> <!-- @AfterMethod End -->
  <testcase name="@BeforeMethod CrossBrowser" time="0.0" classname="MoH.RNVLJordanian">
    <skipped/>
  </testcase> <!-- @BeforeMethod CrossBrowser -->
  <testcase name="@AfterMethod End" time="0.0" classname="MoH.RNVLJordanian">
    <skipped/>
  </testcase> <!-- @AfterMethod End -->
  <testcase name="@BeforeMethod CrossBrowser" time="0.0" classname="MoH.RNVLJordanian">
    <skipped/>
  </testcase> <!-- @BeforeMethod CrossBrowser -->
  <testcase name="@AfterMethod End" time="0.0" classname="MoH.RNVLJordanian">
    <skipped/>
  </testcase> <!-- @AfterMethod End -->
  <testcase name="@BeforeMethod CrossBrowser" time="0.0" classname="MoH.RNVLJordanian">
    <skipped/>
  </testcase> <!-- @BeforeMethod CrossBrowser -->
  <testcase name="@AfterMethod End" time="0.0" classname="MoH.RNVLJordanian">
    <skipped/>
  </testcase> <!-- @AfterMethod End -->
  <testcase name="@BeforeMethod CrossBrowser" time="0.0" classname="MoH.RNVLJordanian">
    <skipped/>
  </testcase> <!-- @BeforeMethod CrossBrowser -->
  <testcase name="@AfterMethod End" time="0.0" classname="MoH.RNVLJordanian">
    <skipped/>
  </testcase> <!-- @AfterMethod End -->
  <testcase name="@BeforeMethod CrossBrowser" time="0.0" classname="MoH.RNVLJordanian">
    <skipped/>
  </testcase> <!-- @BeforeMethod CrossBrowser -->
  <testcase name="@AfterMethod End" time="0.0" classname="MoH.RNVLJordanian">
    <skipped/>
  </testcase> <!-- @AfterMethod End -->
  <testcase name="@BeforeMethod CrossBrowser" time="0.0" classname="MoH.RNVLJordanian">
    <skipped/>
  </testcase> <!-- @BeforeMethod CrossBrowser -->
  <testcase name="@AfterMethod End" time="0.0" classname="MoH.RNVLJordanian">
    <skipped/>
  </testcase> <!-- @AfterMethod End -->
  <testcase name="@BeforeMethod CrossBrowser" time="0.0" classname="MoH.RNVLJordanian">
    <skipped/>
  </testcase> <!-- @BeforeMethod CrossBrowser -->
  <testcase name="@AfterMethod End" time="0.0" classname="MoH.RNVLJordanian">
    <skipped/>
  </testcase> <!-- @AfterMethod End -->
  <testcase name="@BeforeMethod CrossBrowser" time="0.0" classname="MoH.RNVLJordanian">
    <skipped/>
  </testcase> <!-- @BeforeMethod CrossBrowser -->
  <testcase name="@AfterMethod End" time="0.0" classname="MoH.RNVLJordanian">
    <skipped/>
  </testcase> <!-- @AfterMethod End -->
  <testcase name="@BeforeMethod CrossBrowser" time="0.0" classname="MoH.RNVLJordanian">
    <skipped/>
  </testcase> <!-- @BeforeMethod CrossBrowser -->
  <testcase name="@AfterMethod End" time="0.0" classname="MoH.RNVLJordanian">
    <skipped/>
  </testcase> <!-- @AfterMethod End -->
  <testcase name="@BeforeMethod CrossBrowser" time="0.0" classname="MoH.RNVLJordanian">
    <skipped/>
  </testcase> <!-- @BeforeMethod CrossBrowser -->
  <testcase name="@AfterMethod End" time="0.0" classname="MoH.RNVLJordanian">
    <skipped/>
  </testcase> <!-- @AfterMethod End -->
  <testcase name="@BeforeMethod CrossBrowser" time="0.0" classname="MoH.RNVLJordanian">
    <skipped/>
  </testcase> <!-- @BeforeMethod CrossBrowser -->
  <testcase name="@AfterMethod End" time="0.0" classname="MoH.RNVLJordanian">
    <skipped/>
  </testcase> <!-- @AfterMethod End -->
  <testcase name="@BeforeMethod CrossBrowser" time="0.0" classname="MoH.RNVLJordanian">
    <skipped/>
  </testcase> <!-- @BeforeMethod CrossBrowser -->
  <testcase name="@AfterMethod End" time="0.0" classname="MoH.RNVLJordanian">
    <skipped/>
  </testcase> <!-- @AfterMethod End -->
  <testcase name="@BeforeMethod CrossBrowser" time="0.0" classname="MoH.RNVLJordanian">
    <skipped/>
  </testcase> <!-- @BeforeMethod CrossBrowser -->
  <testcase name="@AfterMethod End" time="0.0" classname="MoH.RNVLJordanian">
    <skipped/>
  </testcase> <!-- @AfterMethod End -->
  <testcase name="@BeforeMethod CrossBrowser" time="0.0" classname="MoH.RNVLJordanian">
    <skipped/>
  </testcase> <!-- @BeforeMethod CrossBrowser -->
  <testcase name="@AfterMethod End" time="0.0" classname="MoH.RNVLJordanian">
    <skipped/>
  </testcase> <!-- @AfterMethod End -->
  <testcase name="@BeforeMethod CrossBrowser" time="0.0" classname="MoH.RNVLJordanian">
    <skipped/>
  </testcase> <!-- @BeforeMethod CrossBrowser -->
  <testcase name="@AfterMethod End" time="0.0" classname="MoH.RNVLJordanian">
    <skipped/>
  </testcase> <!-- @AfterMethod End -->
  <testcase name="@BeforeMethod CrossBrowser" time="0.0" classname="MoH.RNVLJordanian">
    <skipped/>
  </testcase> <!-- @BeforeMethod CrossBrowser -->
  <testcase name="@AfterMethod End" time="0.0" classname="MoH.RNVLJordanian">
    <skipped/>
  </testcase> <!-- @AfterMethod End -->
  <testcase name="@BeforeMethod CrossBrowser" time="0.0" classname="MoH.RNVLJordanian">
    <skipped/>
  </testcase> <!-- @BeforeMethod CrossBrowser -->
  <testcase name="@AfterMethod End" time="0.0" classname="MoH.RNVLJordanian">
    <skipped/>
  </testcase> <!-- @AfterMethod End -->
  <testcase name="@BeforeMethod CrossBrowser" time="0.0" classname="MoH.RNVLJordanian">
    <skipped/>
  </testcase> <!-- @BeforeMethod CrossBrowser -->
  <testcase name="@AfterMethod End" time="0.0" classname="MoH.RNVLJordanian">
    <skipped/>
  </testcase> <!-- @AfterMethod End -->
  <testcase name="@BeforeMethod CrossBrowser" time="0.0" classname="MoH.RNVLJordanian">
    <skipped/>
  </testcase> <!-- @BeforeMethod CrossBrowser -->
  <testcase name="@AfterMethod End" time="0.0" classname="MoH.RNVLJordanian">
    <skipped/>
  </testcase> <!-- @AfterMethod End -->
  <testcase name="@BeforeMethod CrossBrowser" time="0.0" classname="MoH.RNVLJordanian">
    <skipped/>
  </testcase> <!-- @BeforeMethod CrossBrowser -->
  <testcase name="@AfterMethod End" time="0.0" classname="MoH.RNVLJordanian">
    <skipped/>
  </testcase> <!-- @AfterMethod End -->
  <testcase name="@BeforeMethod CrossBrowser" time="0.0" classname="MoH.RNVLJordanian">
    <skipped/>
  </testcase> <!-- @BeforeMethod CrossBrowser -->
  <testcase name="@AfterMethod End" time="0.0" classname="MoH.RNVLJordanian">
    <skipped/>
  </testcase> <!-- @AfterMethod End -->
  <testcase name="@BeforeMethod CrossBrowser" time="0.0" classname="MoH.RNVLJordanian">
    <skipped/>
  </testcase> <!-- @BeforeMethod CrossBrowser -->
  <testcase name="@AfterMethod End" time="0.0" classname="MoH.RNVLJordanian">
    <skipped/>
  </testcase> <!-- @AfterMethod End -->
  <testcase name="@BeforeMethod CrossBrowser" time="0.0" classname="MoH.RNVLJordanian">
    <skipped/>
  </testcase> <!-- @BeforeMethod CrossBrowser -->
  <testcase name="@AfterMethod End" time="0.0" classname="MoH.RNVLJordanian">
    <skipped/>
  </testcase> <!-- @AfterMethod End -->
  <testcase name="@BeforeMethod CrossBrowser" time="0.0" classname="MoH.RNVLJordanian">
    <skipped/>
  </testcase> <!-- @BeforeMethod CrossBrowser -->
  <testcase name="@AfterMethod End" time="0.0" classname="MoH.RNVLJordanian">
    <skipped/>
  </testcase> <!-- @AfterMethod End -->
  <testcase name="@BeforeMethod CrossBrowser" time="0.0" classname="MoH.RNVLJordanian">
    <skipped/>
  </testcase> <!-- @BeforeMethod CrossBrowser -->
  <testcase name="@AfterMethod End" time="0.0" classname="MoH.RNVLJordanian">
    <skipped/>
  </testcase> <!-- @AfterMethod End -->
  <testcase name="@BeforeMethod CrossBrowser" time="0.0" classname="MoH.RNVLJordanian">
    <skipped/>
  </testcase> <!-- @BeforeMethod CrossBrowser -->
  <testcase name="@AfterMethod End" time="0.0" classname="MoH.RNVLJordanian">
    <skipped/>
  </testcase> <!-- @AfterMethod End -->
  <testcase name="@BeforeMethod CrossBrowser" time="0.0" classname="MoH.RNVLJordanian">
    <skipped/>
  </testcase> <!-- @BeforeMethod CrossBrowser -->
  <testcase name="@AfterMethod End" time="0.0" classname="MoH.RNVLJordanian">
    <skipped/>
  </testcase> <!-- @AfterMethod End -->
  <testcase name="@BeforeMethod CrossBrowser" time="0.0" classname="MoH.RNVLJordanian">
    <skipped/>
  </testcase> <!-- @BeforeMethod CrossBrowser -->
  <testcase name="@AfterMethod End" time="0.0" classname="MoH.RNVLJordanian">
    <skipped/>
  </testcase> <!-- @AfterMethod End -->
  <testcase name="@BeforeMethod CrossBrowser" time="0.0" classname="MoH.RNVLJordanian">
    <skipped/>
  </testcase> <!-- @BeforeMethod CrossBrowser -->
  <testcase name="@AfterMethod End" time="0.0" classname="MoH.RNVLJordanian">
    <skipped/>
  </testcase> <!-- @AfterMethod End -->
  <testcase name="@BeforeMethod CrossBrowser" time="0.0" classname="MoH.RNVLJordanian">
    <skipped/>
  </testcase> <!-- @BeforeMethod CrossBrowser -->
  <testcase name="@AfterMethod End" time="0.0" classname="MoH.RNVLJordanian">
    <skipped/>
  </testcase> <!-- @AfterMethod End -->
  <testcase name="SubmitNursingApp_Jordanian_Case1000" time="0.0" classname="MoH.RNVLJordanian">
    <skipped/>
  </testcase> <!-- SubmitNursingApp_Jordanian_Case1000 -->
  <testcase name="SubmitNursingApp_Jordanian_Case1200" time="0.0" classname="MoH.RNVLJordanian">
    <skipped/>
  </testcase> <!-- SubmitNursingApp_Jordanian_Case1200 -->
  <testcase name="SubmitNursingApp_Jordanian_Case1300" time="0.0" classname="MoH.RNVLJordanian">
    <skipped/>
  </testcase> <!-- SubmitNursingApp_Jordanian_Case1300 -->
  <testcase name="SubmitNursingApp_Jordanian_Case1400" time="0.0" classname="MoH.RNVLJordanian">
    <skipped/>
  </testcase> <!-- SubmitNursingApp_Jordanian_Case1400 -->
  <testcase name="SubmitNursingApp_Jordanian_Case1500" time="0.0" classname="MoH.RNVLJordanian">
    <skipped/>
  </testcase> <!-- SubmitNursingApp_Jordanian_Case1500 -->
  <testcase name="SubmitNursingApp_Jordanian_Case1510" time="0.0" classname="MoH.RNVLJordanian">
    <skipped/>
  </testcase> <!-- SubmitNursingApp_Jordanian_Case1510 -->
  <testcase name="SubmitNursingApp_Jordanian_Case1600" time="0.0" classname="MoH.RNVLJordanian">
    <skipped/>
  </testcase> <!-- SubmitNursingApp_Jordanian_Case1600 -->
  <testcase name="SubmitNursingApp_Jordanian_Case1700" time="0.0" classname="MoH.RNVLJordanian">
    <skipped/>
  </testcase> <!-- SubmitNursingApp_Jordanian_Case1700 -->
  <testcase name="SubmitNursingApp_Jordanian_Case1700_2" time="0.0" classname="MoH.RNVLJordanian">
    <skipped/>
  </testcase> <!-- SubmitNursingApp_Jordanian_Case1700_2 -->
  <testcase name="SubmitNursingApp_Jordanian_Case1710" time="0.0" classname="MoH.RNVLJordanian">
    <skipped/>
  </testcase> <!-- SubmitNursingApp_Jordanian_Case1710 -->
  <testcase name="SubmitNursingApp_Jordanian_Case1720" time="0.0" classname="MoH.RNVLJordanian">
    <skipped/>
  </testcase> <!-- SubmitNursingApp_Jordanian_Case1720 -->
  <testcase name="SubmitNursingApp_Jordanian_Case1721" time="0.0" classname="MoH.RNVLJordanian">
    <skipped/>
  </testcase> <!-- SubmitNursingApp_Jordanian_Case1721 -->
  <testcase name="SubmitNursingApp_Jordanian_Case1730" time="0.0" classname="MoH.RNVLJordanian">
    <skipped/>
  </testcase> <!-- SubmitNursingApp_Jordanian_Case1730 -->
  <testcase name="SubmitNursingApp_Jordanian_Case1731" time="0.0" classname="MoH.RNVLJordanian">
    <skipped/>
  </testcase> <!-- SubmitNursingApp_Jordanian_Case1731 -->
  <testcase name="SubmitNursingApp_Jordanian_Case1740" time="0.0" classname="MoH.RNVLJordanian">
    <skipped/>
  </testcase> <!-- SubmitNursingApp_Jordanian_Case1740 -->
  <testcase name="SubmitNursingApp_Jordanian_Case1750" time="0.0" classname="MoH.RNVLJordanian">
    <skipped/>
  </testcase> <!-- SubmitNursingApp_Jordanian_Case1750 -->
  <testcase name="SubmitNursingApp_Jordanian_Case1760" time="0.0" classname="MoH.RNVLJordanian">
    <skipped/>
  </testcase> <!-- SubmitNursingApp_Jordanian_Case1760 -->
  <testcase name="SubmitNursingApp_Jordanian_Case1800" time="0.0" classname="MoH.RNVLJordanian">
    <skipped/>
  </testcase> <!-- SubmitNursingApp_Jordanian_Case1800 -->
  <testcase name="SubmitNursingApp_Jordanian_Case1810" time="0.0" classname="MoH.RNVLJordanian">
    <skipped/>
  </testcase> <!-- SubmitNursingApp_Jordanian_Case1810 -->
  <testcase name="SubmitNursingApp_Jordanian_Case1820" time="0.0" classname="MoH.RNVLJordanian">
    <skipped/>
  </testcase> <!-- SubmitNursingApp_Jordanian_Case1820 -->
  <testcase name="SubmitNursingApp_Jordanian_Case1900" time="0.0" classname="MoH.RNVLJordanian">
    <skipped/>
  </testcase> <!-- SubmitNursingApp_Jordanian_Case1900 -->
  <testcase name="SubmitNursingApp_Jordanian_Case1910" time="0.0" classname="MoH.RNVLJordanian">
    <skipped/>
  </testcase> <!-- SubmitNursingApp_Jordanian_Case1910 -->
  <testcase name="SubmitNursingApp_Jordanian_Case1920" time="0.0" classname="MoH.RNVLJordanian">
    <skipped/>
  </testcase> <!-- SubmitNursingApp_Jordanian_Case1920 -->
  <testcase name="SubmitNursingApp_Jordanian_Case1500_2" time="0.0" classname="MoH.RNVLJordanian">
    <skipped/>
  </testcase> <!-- SubmitNursingApp_Jordanian_Case1500_2 -->
  <testcase name="ViewApplicationAndLicense_Jordanain_Case1101" time="0.0" classname="MoH.RNVLJordanian">
    <skipped/>
  </testcase> <!-- ViewApplicationAndLicense_Jordanain_Case1101 -->
  <testcase name="MyPage_Individuals_Case7000" time="0.0" classname="MoH.RNVLJordanian">
    <skipped/>
  </testcase> <!-- MyPage_Individuals_Case7000 -->
  <testcase name="MyPage_Companies_Case7100" time="0.0" classname="MoH.RNVLJordanian">
    <skipped/>
  </testcase> <!-- MyPage_Companies_Case7100 -->
  <testcase name="MyPage_HealthInstitute_Case7200" time="0.0" classname="MoH.RNVLJordanian">
    <skipped/>
  </testcase> <!-- MyPage_HealthInstitute_Case7200 -->
  <testcase name="MyPage_RoyalMedicalServices_Case7200_2" time="0.0" classname="MoH.RNVLJordanian">
    <skipped/>
  </testcase> <!-- MyPage_RoyalMedicalServices_Case7200_2 -->
  <testcase name="MyPage_Individuals_Case7300" time="0.0" classname="MoH.RNVLJordanian">
    <skipped/>
  </testcase> <!-- MyPage_Individuals_Case7300 -->
  <testcase name="MyPage_Companies_Case7300_2" time="0.0" classname="MoH.RNVLJordanian">
    <skipped/>
  </testcase> <!-- MyPage_Companies_Case7300_2 -->
  <testcase name="MyPage_HealthInstitute_Case7300_3" time="0.0" classname="MoH.RNVLJordanian">
    <skipped/>
  </testcase> <!-- MyPage_HealthInstitute_Case7300_3 -->
  <testcase name="MyPage_RoyalMedicalServices_Case7300_4" time="0.0" classname="MoH.RNVLJordanian">
    <skipped/>
  </testcase> <!-- MyPage_RoyalMedicalServices_Case7300_4 -->
  <testcase name="MyPage_RoyalMedicalServices_Case7400" time="0.0" classname="MoH.RNVLJordanian">
    <skipped/>
  </testcase> <!-- MyPage_RoyalMedicalServices_Case7400 -->
  <testcase name="MyPage_WrongVerificationCode_Case7500" time="0.0" classname="MoH.RNVLJordanian">
    <skipped/>
  </testcase> <!-- MyPage_WrongVerificationCode_Case7500 -->
  <testcase name="ContactUs_Case8000" time="0.0" classname="MoH.RNVLJordanian">
    <skipped/>
  </testcase> <!-- ContactUs_Case8000 -->
  <testcase name="ContactUs_Case8100" time="0.0" classname="MoH.RNVLJordanian">
    <skipped/>
  </testcase> <!-- ContactUs_Case8100 -->
  <testcase name="ViewApplicationAndLicense_HealthInstitute_Case2101" time="0.0" classname="MoH.RNVLJordanian">
    <skipped/>
  </testcase> <!-- ViewApplicationAndLicense_HealthInstitute_Case2101 -->
  <testcase name="ContactUs_Case8200" time="0.0" classname="MoH.RNVLJordanian">
    <skipped/>
  </testcase> <!-- ContactUs_Case8200 -->
  <testcase name="ViewApplicationAndLicense_RoyalMedicalServices_Case3101" time="0.0" classname="MoH.RNVLJordanian">
    <skipped/>
  </testcase> <!-- ViewApplicationAndLicense_RoyalMedicalServices_Case3101 -->
  <testcase name="MyPage_EditContactDetails_Jordanain" time="0.0" classname="MoH.RNVLJordanian">
    <skipped/>
  </testcase> <!-- MyPage_EditContactDetails_Jordanain -->
  <testcase name="MyPage_EditContactDetails_HealthInstitute" time="0.0" classname="MoH.RNVLJordanian">
    <skipped/>
  </testcase> <!-- MyPage_EditContactDetails_HealthInstitute -->
  <testcase name="MyPage_EditContactDetails_RoyalMedicalServices" time="0.0" classname="MoH.RNVLJordanian">
    <skipped/>
  </testcase> <!-- MyPage_EditContactDetails_RoyalMedicalServices -->
</testsuite> <!-- firefox -->
