<?xml version="1.0" encoding="UTF-8"?>
<!-- Generated by org.testng.reporters.JUnitXMLReporter -->
<testsuite hostname="jo03me076" ignored="50" name="ie" tests="1" failures="1" timestamp="08 Jul 2018 15:20:37 GMT" time="0.011" errors="0">
  <testcase name="@AfterMethod End" time="0.001" classname="MoH.RNVLJordanian">
    <failure type="java.lang.NullPointerException">
      <![CDATA[java.lang.NullPointerExceptionat MoH.RNVLJordanian.End(RNVLJordanian.java:117)... Removed 27 stack frames]]>
    </failure>
  </testcase> <!-- @AfterMethod End -->
  <testcase name="SubmitNursingApp_Jordanian_Case1600" time="0.003" classname="MoH.RNVLJordanian">
    <failure type="java.lang.NullPointerException">
      <![CDATA[java.lang.NullPointerExceptionat MoH.RNVLJordanian.SubmitNursingApp_Jordanian_Case1600(RNVLJordanian.java:807)... Removed 25 stack frames]]>
    </failure>
  </testcase> <!-- SubmitNursingApp_Jordanian_Case1600 -->
  <testcase name="SubmitNursingApp_Jordanian_Case1600_2" time="0.0" classname="MoH.RNVLJordanian">
    <ignored/>
  </testcase> <!-- SubmitNursingApp_Jordanian_Case1600_2 -->
  <testcase name="SubmitNursingApp_Jordanian_Case1600_3" time="0.0" classname="MoH.RNVLJordanian">
    <ignored/>
  </testcase> <!-- SubmitNursingApp_Jordanian_Case1600_3 -->
  <testcase name="SubmitNursingApp_Jordanian_Case1750" time="0.0" classname="MoH.RNVLJordanian">
    <ignored/>
  </testcase> <!-- SubmitNursingApp_Jordanian_Case1750 -->
  <testcase name="SubmitNursingApp_Jordanian_Case1700_3" time="0.0" classname="MoH.RNVLJordanian">
    <ignored/>
  </testcase> <!-- SubmitNursingApp_Jordanian_Case1700_3 -->
  <testcase name="SubmitNursingApp_Jordanian_Case1600_5" time="0.0" classname="MoH.RNVLJordanian">
    <ignored/>
  </testcase> <!-- SubmitNursingApp_Jordanian_Case1600_5 -->
  <testcase name="MyPage_Individuals_Case7000" time="0.0" classname="MoH.RNVLJordanian">
    <ignored/>
  </testcase> <!-- MyPage_Individuals_Case7000 -->
  <testcase name="SubmitNursingApp_Jordanian_Case1600_6" time="0.0" classname="MoH.RNVLJordanian">
    <ignored/>
  </testcase> <!-- SubmitNursingApp_Jordanian_Case1600_6 -->
  <testcase name="SubmitNursingApp_Jordanian_Case1600_7" time="0.0" classname="MoH.RNVLJordanian">
    <ignored/>
  </testcase> <!-- SubmitNursingApp_Jordanian_Case1600_7 -->
  <testcase name="SubmitNursingApp_Jordanian_Case1900" time="0.0" classname="MoH.RNVLJordanian">
    <ignored/>
  </testcase> <!-- SubmitNursingApp_Jordanian_Case1900 -->
  <testcase name="MyPage_EditContactDetails_HealthInstitute" time="0.0" classname="MoH.RNVLJordanian">
    <ignored/>
  </testcase> <!-- MyPage_EditContactDetails_HealthInstitute -->
  <testcase name="SubmitNursingApp_Jordanian_Case1700" time="0.0" classname="MoH.RNVLJordanian">
    <ignored/>
  </testcase> <!-- SubmitNursingApp_Jordanian_Case1700 -->
  <testcase name="ContactUs_Case8200" time="0.0" classname="MoH.RNVLJordanian">
    <ignored/>
  </testcase> <!-- ContactUs_Case8200 -->
  <testcase name="MyPage_Companies_Case7300_2" time="0.0" classname="MoH.RNVLJordanian">
    <ignored/>
  </testcase> <!-- MyPage_Companies_Case7300_2 -->
  <testcase name="SubmitNursingApp_Jordanian_Case1500" time="0.0" classname="MoH.RNVLJordanian">
    <ignored/>
  </testcase> <!-- SubmitNursingApp_Jordanian_Case1500 -->
  <testcase name="ContactUs_Case8000" time="0.0" classname="MoH.RNVLJordanian">
    <ignored/>
  </testcase> <!-- ContactUs_Case8000 -->
  <testcase name="SubmitNursingApp_Jordanian_Case1820" time="0.0" classname="MoH.RNVLJordanian">
    <ignored/>
  </testcase> <!-- SubmitNursingApp_Jordanian_Case1820 -->
  <testcase name="SubmitNursingApp_Jordanian_Case1700_2" time="0.0" classname="MoH.RNVLJordanian">
    <ignored/>
  </testcase> <!-- SubmitNursingApp_Jordanian_Case1700_2 -->
  <testcase name="MyPage_Companies_Case7100" time="0.0" classname="MoH.RNVLJordanian">
    <ignored/>
  </testcase> <!-- MyPage_Companies_Case7100 -->
  <testcase name="SubmitNursingApp_Jordanian_Case1600_4" time="0.0" classname="MoH.RNVLJordanian">
    <ignored/>
  </testcase> <!-- SubmitNursingApp_Jordanian_Case1600_4 -->
  <testcase name="SubmitNursingApp_Jordanian_Case1760" time="0.0" classname="MoH.RNVLJordanian">
    <ignored/>
  </testcase> <!-- SubmitNursingApp_Jordanian_Case1760 -->
  <testcase name="SubmitNursingApp_Jordanian_Case1200" time="0.0" classname="MoH.RNVLJordanian">
    <ignored/>
  </testcase> <!-- SubmitNursingApp_Jordanian_Case1200 -->
  <testcase name="SubmitNursingApp_Jordanian_Case1000" time="0.0" classname="MoH.RNVLJordanian">
    <ignored/>
  </testcase> <!-- SubmitNursingApp_Jordanian_Case1000 -->
  <testcase name="SubmitNursingApp_Jordanian_Case1910" time="0.0" classname="MoH.RNVLJordanian">
    <ignored/>
  </testcase> <!-- SubmitNursingApp_Jordanian_Case1910 -->
  <testcase name="MyPage_EditContactDetails_RoyalMedicalServices" time="0.0" classname="MoH.RNVLJordanian">
    <ignored/>
  </testcase> <!-- MyPage_EditContactDetails_RoyalMedicalServices -->
  <testcase name="SubmitNursingApp_Jordanian_Case1710" time="0.0" classname="MoH.RNVLJordanian">
    <ignored/>
  </testcase> <!-- SubmitNursingApp_Jordanian_Case1710 -->
  <testcase name="SubmitNursingApp_Jordanian_Case1510" time="0.0" classname="MoH.RNVLJordanian">
    <ignored/>
  </testcase> <!-- SubmitNursingApp_Jordanian_Case1510 -->
  <testcase name="ViewApplicationAndLicense_HealthInstitute_Case2101" time="0.0" classname="MoH.RNVLJordanian">
    <ignored/>
  </testcase> <!-- ViewApplicationAndLicense_HealthInstitute_Case2101 -->
  <testcase name="MyPage_HealthInstitute_Case7300_3" time="0.0" classname="MoH.RNVLJordanian">
    <ignored/>
  </testcase> <!-- MyPage_HealthInstitute_Case7300_3 -->
  <testcase name="MyPage_WrongVerificationCode_Case7500" time="0.0" classname="MoH.RNVLJordanian">
    <ignored/>
  </testcase> <!-- MyPage_WrongVerificationCode_Case7500 -->
  <testcase name="MyPage_RoyalMedicalServices_Case7200_2" time="0.0" classname="MoH.RNVLJordanian">
    <ignored/>
  </testcase> <!-- MyPage_RoyalMedicalServices_Case7200_2 -->
  <testcase name="MyPage_RoyalMedicalServices_Case7400" time="0.0" classname="MoH.RNVLJordanian">
    <ignored/>
  </testcase> <!-- MyPage_RoyalMedicalServices_Case7400 -->
  <testcase name="SubmitNursingApp_Jordanian_Case1410" time="0.0" classname="MoH.RNVLJordanian">
    <ignored/>
  </testcase> <!-- SubmitNursingApp_Jordanian_Case1410 -->
  <testcase name="MyPage_Individuals_Case7300" time="0.0" classname="MoH.RNVLJordanian">
    <ignored/>
  </testcase> <!-- MyPage_Individuals_Case7300 -->
  <testcase name="ViewApplicationAndLicense_Jordanain_Case1101" time="0.0" classname="MoH.RNVLJordanian">
    <ignored/>
  </testcase> <!-- ViewApplicationAndLicense_Jordanain_Case1101 -->
  <testcase name="SubmitNursingApp_Jordanian_Case1920" time="0.0" classname="MoH.RNVLJordanian">
    <ignored/>
  </testcase> <!-- SubmitNursingApp_Jordanian_Case1920 -->
  <testcase name="SubmitNursingApp_Jordanian_Case1800" time="0.0" classname="MoH.RNVLJordanian">
    <ignored/>
  </testcase> <!-- SubmitNursingApp_Jordanian_Case1800 -->
  <testcase name="SubmitNursingApp_Jordanian_Case1720" time="0.0" classname="MoH.RNVLJordanian">
    <ignored/>
  </testcase> <!-- SubmitNursingApp_Jordanian_Case1720 -->
  <testcase name="SubmitNursingApp_Jordanian_Case1721" time="0.0" classname="MoH.RNVLJordanian">
    <ignored/>
  </testcase> <!-- SubmitNursingApp_Jordanian_Case1721 -->
  <testcase name="ContactUs_Case8100" time="0.0" classname="MoH.RNVLJordanian">
    <ignored/>
  </testcase> <!-- ContactUs_Case8100 -->
  <testcase name="SubmitNursingApp_Jordanian_Case1400" time="0.0" classname="MoH.RNVLJordanian">
    <ignored/>
  </testcase> <!-- SubmitNursingApp_Jordanian_Case1400 -->
  <testcase name="MyPage_RoyalMedicalServices_Case7300_4" time="0.0" classname="MoH.RNVLJordanian">
    <ignored/>
  </testcase> <!-- MyPage_RoyalMedicalServices_Case7300_4 -->
  <testcase name="SubmitNursingApp_Jordanian_Case1740" time="0.0" classname="MoH.RNVLJordanian">
    <ignored/>
  </testcase> <!-- SubmitNursingApp_Jordanian_Case1740 -->
  <testcase name="SubmitNursingApp_Jordanian_Case1300" time="0.0" classname="MoH.RNVLJordanian">
    <ignored/>
  </testcase> <!-- SubmitNursingApp_Jordanian_Case1300 -->
  <testcase name="MyPage_EditContactDetails_Jordanain" time="0.0" classname="MoH.RNVLJordanian">
    <ignored/>
  </testcase> <!-- MyPage_EditContactDetails_Jordanain -->
  <testcase name="ViewApplicationAndLicense_RoyalMedicalServices_Case3101" time="0.0" classname="MoH.RNVLJordanian">
    <ignored/>
  </testcase> <!-- ViewApplicationAndLicense_RoyalMedicalServices_Case3101 -->
  <testcase name="SubmitNursingApp_Jordanian_Case1810" time="0.0" classname="MoH.RNVLJordanian">
    <ignored/>
  </testcase> <!-- SubmitNursingApp_Jordanian_Case1810 -->
  <testcase name="SubmitNursingApp_Jordanian_Case1500_2" time="0.0" classname="MoH.RNVLJordanian">
    <ignored/>
  </testcase> <!-- SubmitNursingApp_Jordanian_Case1500_2 -->
  <testcase name="SubmitNursingApp_Jordanian_Case1731" time="0.0" classname="MoH.RNVLJordanian">
    <ignored/>
  </testcase> <!-- SubmitNursingApp_Jordanian_Case1731 -->
  <testcase name="MyPage_HealthInstitute_Case7200" time="0.0" classname="MoH.RNVLJordanian">
    <ignored/>
  </testcase> <!-- MyPage_HealthInstitute_Case7200 -->
  <testcase name="SubmitNursingApp_Jordanian_Case1730" time="0.0" classname="MoH.RNVLJordanian">
    <ignored/>
  </testcase> <!-- SubmitNursingApp_Jordanian_Case1730 -->
</testsuite> <!-- ie -->
