<?xml version="1.0" encoding="UTF-8"?>
<testng-results skipped="20" failed="0" ignored="0" total="20" passed="0">
  <reporter-output>
  </reporter-output>
  <suite name="Default suite" duration-ms="944" started-at="2018-07-17T09:34:14Z" finished-at="2018-07-17T09:34:15Z">
    <groups>
    </groups>
    <test name="Default test" duration-ms="944" started-at="2018-07-17T09:34:14Z" finished-at="2018-07-17T09:34:15Z">
      <class name="MoH.RNVLRMS">
        <test-method status="FAIL" signature="GetDriver()[pri:0, instance:MoH.RNVLRMS@12f41634]" name="GetDriver" is-config="true" duration-ms="143" started-at="2018-07-17T12:34:14Z" finished-at="2018-07-17T12:34:14Z">
          <exception class="java.lang.IllegalStateException">
            <message>
              <![CDATA[The driver executable does not exist: D:\MoH\src\MoH\chromedriver.exe]]>
            </message>
            <full-stacktrace>
              <![CDATA[java.lang.IllegalStateException: The driver executable does not exist: D:\MoH\src\MoH\chromedriver.exeat com.google.common.base.Preconditions.checkState(Preconditions.java:518)at org.openqa.selenium.remote.service.DriverService.checkExecutable(DriverService.java:136)at org.openqa.selenium.remote.service.DriverService.findExecutable(DriverService.java:131)at org.openqa.selenium.chrome.ChromeDriverService.access$000(ChromeDriverService.java:32)at org.openqa.selenium.chrome.ChromeDriverService$Builder.findDefaultExecutable(ChromeDriverService.java:137)at org.openqa.selenium.remote.service.DriverService$Builder.build(DriverService.java:330)at org.openqa.selenium.chrome.ChromeDriverService.createDefaultService(ChromeDriverService.java:88)at org.openqa.selenium.chrome.ChromeDriver.<init>(ChromeDriver.java:124)at MoH.RNVLRMS.GetDriver(RNVLRMS.java:33)at sun.reflect.NativeMethodAccessorImpl.invoke0(Native Method)at sun.reflect.NativeMethodAccessorImpl.invoke(Unknown Source)at sun.reflect.DelegatingMethodAccessorImpl.invoke(Unknown Source)at java.lang.reflect.Method.invoke(Unknown Source)at org.testng.internal.MethodInvocationHelper.invokeMethod(MethodInvocationHelper.java:124)at org.testng.internal.MethodInvocationHelper.invokeMethodConsideringTimeout(MethodInvocationHelper.java:59)at org.testng.internal.Invoker.invokeConfigurationMethod(Invoker.java:451)at org.testng.internal.Invoker.invokeConfigurations(Invoker.java:222)at org.testng.internal.Invoker.invokeMethod(Invoker.java:516)at org.testng.internal.Invoker.invokeTestMethod(Invoker.java:707)at org.testng.internal.Invoker.invokeTestMethods(Invoker.java:979)at org.testng.internal.TestMethodWorker.invokeTestMethods(TestMethodWorker.java:125)at org.testng.internal.TestMethodWorker.run(TestMethodWorker.java:109)at org.testng.TestRunner.privateRun(TestRunner.java:648)at org.testng.TestRunner.run(TestRunner.java:505)at org.testng.SuiteRunner.runTest(SuiteRunner.java:455)at org.testng.SuiteRunner.runSequentially(SuiteRunner.java:450)at org.testng.SuiteRunner.privateRun(SuiteRunner.java:415)at org.testng.SuiteRunner.run(SuiteRunner.java:364)at org.testng.SuiteRunnerWorker.runSuite(SuiteRunnerWorker.java:52)at org.testng.SuiteRunnerWorker.run(SuiteRunnerWorker.java:84)at org.testng.TestNG.runSuitesSequentially(TestNG.java:1187)at org.testng.TestNG.runSuitesLocally(TestNG.java:1116)at org.testng.TestNG.runSuites(TestNG.java:1028)at org.testng.TestNG.run(TestNG.java:996)at org.testng.remote.AbstractRemoteTestNG.run(AbstractRemoteTestNG.java:114)at org.testng.remote.RemoteTestNG.initAndRun(RemoteTestNG.java:251)at org.testng.remote.RemoteTestNG.main(RemoteTestNG.java:77)]]>
            </full-stacktrace>
          </exception> <!-- java.lang.IllegalStateException -->
          <reporter-output>
          </reporter-output>
        </test-method> <!-- GetDriver -->
        <test-method status="SKIP" signature="SubmitNursingApp_RMS_Case3000()[pri:1, instance:MoH.RNVLRMS@12f41634]" name="SubmitNursingApp_RMS_Case3000" duration-ms="0" started-at="2018-07-17T12:34:14Z" finished-at="2018-07-17T12:34:14Z">
          <exception class="java.lang.IllegalStateException">
            <message>
              <![CDATA[The driver executable does not exist: D:\MoH\src\MoH\chromedriver.exe]]>
            </message>
            <full-stacktrace>
              <![CDATA[java.lang.IllegalStateException: The driver executable does not exist: D:\MoH\src\MoH\chromedriver.exeat com.google.common.base.Preconditions.checkState(Preconditions.java:518)at org.openqa.selenium.remote.service.DriverService.checkExecutable(DriverService.java:136)at org.openqa.selenium.remote.service.DriverService.findExecutable(DriverService.java:131)at org.openqa.selenium.chrome.ChromeDriverService.access$000(ChromeDriverService.java:32)at org.openqa.selenium.chrome.ChromeDriverService$Builder.findDefaultExecutable(ChromeDriverService.java:137)at org.openqa.selenium.remote.service.DriverService$Builder.build(DriverService.java:330)at org.openqa.selenium.chrome.ChromeDriverService.createDefaultService(ChromeDriverService.java:88)at org.openqa.selenium.chrome.ChromeDriver.<init>(ChromeDriver.java:124)at MoH.RNVLRMS.GetDriver(RNVLRMS.java:33)at sun.reflect.NativeMethodAccessorImpl.invoke0(Native Method)at sun.reflect.NativeMethodAccessorImpl.invoke(Unknown Source)at sun.reflect.DelegatingMethodAccessorImpl.invoke(Unknown Source)at java.lang.reflect.Method.invoke(Unknown Source)at org.testng.internal.MethodInvocationHelper.invokeMethod(MethodInvocationHelper.java:124)at org.testng.internal.MethodInvocationHelper.invokeMethodConsideringTimeout(MethodInvocationHelper.java:59)at org.testng.internal.Invoker.invokeConfigurationMethod(Invoker.java:451)at org.testng.internal.Invoker.invokeConfigurations(Invoker.java:222)at org.testng.internal.Invoker.invokeMethod(Invoker.java:516)at org.testng.internal.Invoker.invokeTestMethod(Invoker.java:707)at org.testng.internal.Invoker.invokeTestMethods(Invoker.java:979)at org.testng.internal.TestMethodWorker.invokeTestMethods(TestMethodWorker.java:125)at org.testng.internal.TestMethodWorker.run(TestMethodWorker.java:109)at org.testng.TestRunner.privateRun(TestRunner.java:648)at org.testng.TestRunner.run(TestRunner.java:505)at org.testng.SuiteRunner.runTest(SuiteRunner.java:455)at org.testng.SuiteRunner.runSequentially(SuiteRunner.java:450)at org.testng.SuiteRunner.privateRun(SuiteRunner.java:415)at org.testng.SuiteRunner.run(SuiteRunner.java:364)at org.testng.SuiteRunnerWorker.runSuite(SuiteRunnerWorker.java:52)at org.testng.SuiteRunnerWorker.run(SuiteRunnerWorker.java:84)at org.testng.TestNG.runSuitesSequentially(TestNG.java:1187)at org.testng.TestNG.runSuitesLocally(TestNG.java:1116)at org.testng.TestNG.runSuites(TestNG.java:1028)at org.testng.TestNG.run(TestNG.java:996)at org.testng.remote.AbstractRemoteTestNG.run(AbstractRemoteTestNG.java:114)at org.testng.remote.RemoteTestNG.initAndRun(RemoteTestNG.java:251)at org.testng.remote.RemoteTestNG.main(RemoteTestNG.java:77)]]>
            </full-stacktrace>
          </exception> <!-- java.lang.IllegalStateException -->
          <reporter-output>
          </reporter-output>
        </test-method> <!-- SubmitNursingApp_RMS_Case3000 -->
        <test-method status="SKIP" signature="End(org.testng.ITestResult)[pri:0, instance:MoH.RNVLRMS@12f41634]" name="End" is-config="true" duration-ms="0" started-at="2018-07-17T12:34:14Z" finished-at="2018-07-17T12:34:14Z">
          <reporter-output>
          </reporter-output>
        </test-method> <!-- End -->
        <test-method status="SKIP" signature="GetDriver()[pri:0, instance:MoH.RNVLRMS@12f41634]" name="GetDriver" is-config="true" duration-ms="0" started-at="2018-07-17T12:34:14Z" finished-at="2018-07-17T12:34:14Z">
          <reporter-output>
          </reporter-output>
        </test-method> <!-- GetDriver -->
        <test-method status="SKIP" signature="SubmitNursingApp_RMS_Case3200()[pri:2, instance:MoH.RNVLRMS@12f41634]" name="SubmitNursingApp_RMS_Case3200" duration-ms="0" started-at="2018-07-17T12:34:14Z" finished-at="2018-07-17T12:34:14Z">
          <exception class="java.lang.IllegalStateException">
            <message>
              <![CDATA[The driver executable does not exist: D:\MoH\src\MoH\chromedriver.exe]]>
            </message>
            <full-stacktrace>
              <![CDATA[java.lang.IllegalStateException: The driver executable does not exist: D:\MoH\src\MoH\chromedriver.exeat com.google.common.base.Preconditions.checkState(Preconditions.java:518)at org.openqa.selenium.remote.service.DriverService.checkExecutable(DriverService.java:136)at org.openqa.selenium.remote.service.DriverService.findExecutable(DriverService.java:131)at org.openqa.selenium.chrome.ChromeDriverService.access$000(ChromeDriverService.java:32)at org.openqa.selenium.chrome.ChromeDriverService$Builder.findDefaultExecutable(ChromeDriverService.java:137)at org.openqa.selenium.remote.service.DriverService$Builder.build(DriverService.java:330)at org.openqa.selenium.chrome.ChromeDriverService.createDefaultService(ChromeDriverService.java:88)at org.openqa.selenium.chrome.ChromeDriver.<init>(ChromeDriver.java:124)at MoH.RNVLRMS.GetDriver(RNVLRMS.java:33)at sun.reflect.NativeMethodAccessorImpl.invoke0(Native Method)at sun.reflect.NativeMethodAccessorImpl.invoke(Unknown Source)at sun.reflect.DelegatingMethodAccessorImpl.invoke(Unknown Source)at java.lang.reflect.Method.invoke(Unknown Source)at org.testng.internal.MethodInvocationHelper.invokeMethod(MethodInvocationHelper.java:124)at org.testng.internal.MethodInvocationHelper.invokeMethodConsideringTimeout(MethodInvocationHelper.java:59)at org.testng.internal.Invoker.invokeConfigurationMethod(Invoker.java:451)at org.testng.internal.Invoker.invokeConfigurations(Invoker.java:222)at org.testng.internal.Invoker.invokeMethod(Invoker.java:516)at org.testng.internal.Invoker.invokeTestMethod(Invoker.java:707)at org.testng.internal.Invoker.invokeTestMethods(Invoker.java:979)at org.testng.internal.TestMethodWorker.invokeTestMethods(TestMethodWorker.java:125)at org.testng.internal.TestMethodWorker.run(TestMethodWorker.java:109)at org.testng.TestRunner.privateRun(TestRunner.java:648)at org.testng.TestRunner.run(TestRunner.java:505)at org.testng.SuiteRunner.runTest(SuiteRunner.java:455)at org.testng.SuiteRunner.runSequentially(SuiteRunner.java:450)at org.testng.SuiteRunner.privateRun(SuiteRunner.java:415)at org.testng.SuiteRunner.run(SuiteRunner.java:364)at org.testng.SuiteRunnerWorker.runSuite(SuiteRunnerWorker.java:52)at org.testng.SuiteRunnerWorker.run(SuiteRunnerWorker.java:84)at org.testng.TestNG.runSuitesSequentially(TestNG.java:1187)at org.testng.TestNG.runSuitesLocally(TestNG.java:1116)at org.testng.TestNG.runSuites(TestNG.java:1028)at org.testng.TestNG.run(TestNG.java:996)at org.testng.remote.AbstractRemoteTestNG.run(AbstractRemoteTestNG.java:114)at org.testng.remote.RemoteTestNG.initAndRun(RemoteTestNG.java:251)at org.testng.remote.RemoteTestNG.main(RemoteTestNG.java:77)]]>
            </full-stacktrace>
          </exception> <!-- java.lang.IllegalStateException -->
          <reporter-output>
          </reporter-output>
        </test-method> <!-- SubmitNursingApp_RMS_Case3200 -->
        <test-method status="SKIP" signature="End(org.testng.ITestResult)[pri:0, instance:MoH.RNVLRMS@12f41634]" name="End" is-config="true" duration-ms="0" started-at="2018-07-17T12:34:14Z" finished-at="2018-07-17T12:34:14Z">
          <reporter-output>
          </reporter-output>
        </test-method> <!-- End -->
        <test-method status="SKIP" signature="GetDriver()[pri:0, instance:MoH.RNVLRMS@12f41634]" name="GetDriver" is-config="true" duration-ms="0" started-at="2018-07-17T12:34:14Z" finished-at="2018-07-17T12:34:14Z">
          <reporter-output>
          </reporter-output>
        </test-method> <!-- GetDriver -->
        <test-method status="SKIP" signature="SubmitNursingApp_RMS_Case3210()[pri:3, instance:MoH.RNVLRMS@12f41634]" name="SubmitNursingApp_RMS_Case3210" duration-ms="0" started-at="2018-07-17T12:34:14Z" finished-at="2018-07-17T12:34:14Z">
          <exception class="java.lang.IllegalStateException">
            <message>
              <![CDATA[The driver executable does not exist: D:\MoH\src\MoH\chromedriver.exe]]>
            </message>
            <full-stacktrace>
              <![CDATA[java.lang.IllegalStateException: The driver executable does not exist: D:\MoH\src\MoH\chromedriver.exeat com.google.common.base.Preconditions.checkState(Preconditions.java:518)at org.openqa.selenium.remote.service.DriverService.checkExecutable(DriverService.java:136)at org.openqa.selenium.remote.service.DriverService.findExecutable(DriverService.java:131)at org.openqa.selenium.chrome.ChromeDriverService.access$000(ChromeDriverService.java:32)at org.openqa.selenium.chrome.ChromeDriverService$Builder.findDefaultExecutable(ChromeDriverService.java:137)at org.openqa.selenium.remote.service.DriverService$Builder.build(DriverService.java:330)at org.openqa.selenium.chrome.ChromeDriverService.createDefaultService(ChromeDriverService.java:88)at org.openqa.selenium.chrome.ChromeDriver.<init>(ChromeDriver.java:124)at MoH.RNVLRMS.GetDriver(RNVLRMS.java:33)at sun.reflect.NativeMethodAccessorImpl.invoke0(Native Method)at sun.reflect.NativeMethodAccessorImpl.invoke(Unknown Source)at sun.reflect.DelegatingMethodAccessorImpl.invoke(Unknown Source)at java.lang.reflect.Method.invoke(Unknown Source)at org.testng.internal.MethodInvocationHelper.invokeMethod(MethodInvocationHelper.java:124)at org.testng.internal.MethodInvocationHelper.invokeMethodConsideringTimeout(MethodInvocationHelper.java:59)at org.testng.internal.Invoker.invokeConfigurationMethod(Invoker.java:451)at org.testng.internal.Invoker.invokeConfigurations(Invoker.java:222)at org.testng.internal.Invoker.invokeMethod(Invoker.java:516)at org.testng.internal.Invoker.invokeTestMethod(Invoker.java:707)at org.testng.internal.Invoker.invokeTestMethods(Invoker.java:979)at org.testng.internal.TestMethodWorker.invokeTestMethods(TestMethodWorker.java:125)at org.testng.internal.TestMethodWorker.run(TestMethodWorker.java:109)at org.testng.TestRunner.privateRun(TestRunner.java:648)at org.testng.TestRunner.run(TestRunner.java:505)at org.testng.SuiteRunner.runTest(SuiteRunner.java:455)at org.testng.SuiteRunner.runSequentially(SuiteRunner.java:450)at org.testng.SuiteRunner.privateRun(SuiteRunner.java:415)at org.testng.SuiteRunner.run(SuiteRunner.java:364)at org.testng.SuiteRunnerWorker.runSuite(SuiteRunnerWorker.java:52)at org.testng.SuiteRunnerWorker.run(SuiteRunnerWorker.java:84)at org.testng.TestNG.runSuitesSequentially(TestNG.java:1187)at org.testng.TestNG.runSuitesLocally(TestNG.java:1116)at org.testng.TestNG.runSuites(TestNG.java:1028)at org.testng.TestNG.run(TestNG.java:996)at org.testng.remote.AbstractRemoteTestNG.run(AbstractRemoteTestNG.java:114)at org.testng.remote.RemoteTestNG.initAndRun(RemoteTestNG.java:251)at org.testng.remote.RemoteTestNG.main(RemoteTestNG.java:77)]]>
            </full-stacktrace>
          </exception> <!-- java.lang.IllegalStateException -->
          <reporter-output>
          </reporter-output>
        </test-method> <!-- SubmitNursingApp_RMS_Case3210 -->
        <test-method status="SKIP" signature="End(org.testng.ITestResult)[pri:0, instance:MoH.RNVLRMS@12f41634]" name="End" is-config="true" duration-ms="0" started-at="2018-07-17T12:34:14Z" finished-at="2018-07-17T12:34:14Z">
          <reporter-output>
          </reporter-output>
        </test-method> <!-- End -->
        <test-method status="SKIP" signature="GetDriver()[pri:0, instance:MoH.RNVLRMS@12f41634]" name="GetDriver" is-config="true" duration-ms="0" started-at="2018-07-17T12:34:14Z" finished-at="2018-07-17T12:34:14Z">
          <reporter-output>
          </reporter-output>
        </test-method> <!-- GetDriver -->
        <test-method status="SKIP" signature="RMS_Case3400()[pri:4, instance:MoH.RNVLRMS@12f41634]" name="RMS_Case3400" duration-ms="0" started-at="2018-07-17T12:34:14Z" finished-at="2018-07-17T12:34:14Z">
          <exception class="java.lang.IllegalStateException">
            <message>
              <![CDATA[The driver executable does not exist: D:\MoH\src\MoH\chromedriver.exe]]>
            </message>
            <full-stacktrace>
              <![CDATA[java.lang.IllegalStateException: The driver executable does not exist: D:\MoH\src\MoH\chromedriver.exeat com.google.common.base.Preconditions.checkState(Preconditions.java:518)at org.openqa.selenium.remote.service.DriverService.checkExecutable(DriverService.java:136)at org.openqa.selenium.remote.service.DriverService.findExecutable(DriverService.java:131)at org.openqa.selenium.chrome.ChromeDriverService.access$000(ChromeDriverService.java:32)at org.openqa.selenium.chrome.ChromeDriverService$Builder.findDefaultExecutable(ChromeDriverService.java:137)at org.openqa.selenium.remote.service.DriverService$Builder.build(DriverService.java:330)at org.openqa.selenium.chrome.ChromeDriverService.createDefaultService(ChromeDriverService.java:88)at org.openqa.selenium.chrome.ChromeDriver.<init>(ChromeDriver.java:124)at MoH.RNVLRMS.GetDriver(RNVLRMS.java:33)at sun.reflect.NativeMethodAccessorImpl.invoke0(Native Method)at sun.reflect.NativeMethodAccessorImpl.invoke(Unknown Source)at sun.reflect.DelegatingMethodAccessorImpl.invoke(Unknown Source)at java.lang.reflect.Method.invoke(Unknown Source)at org.testng.internal.MethodInvocationHelper.invokeMethod(MethodInvocationHelper.java:124)at org.testng.internal.MethodInvocationHelper.invokeMethodConsideringTimeout(MethodInvocationHelper.java:59)at org.testng.internal.Invoker.invokeConfigurationMethod(Invoker.java:451)at org.testng.internal.Invoker.invokeConfigurations(Invoker.java:222)at org.testng.internal.Invoker.invokeMethod(Invoker.java:516)at org.testng.internal.Invoker.invokeTestMethod(Invoker.java:707)at org.testng.internal.Invoker.invokeTestMethods(Invoker.java:979)at org.testng.internal.TestMethodWorker.invokeTestMethods(TestMethodWorker.java:125)at org.testng.internal.TestMethodWorker.run(TestMethodWorker.java:109)at org.testng.TestRunner.privateRun(TestRunner.java:648)at org.testng.TestRunner.run(TestRunner.java:505)at org.testng.SuiteRunner.runTest(SuiteRunner.java:455)at org.testng.SuiteRunner.runSequentially(SuiteRunner.java:450)at org.testng.SuiteRunner.privateRun(SuiteRunner.java:415)at org.testng.SuiteRunner.run(SuiteRunner.java:364)at org.testng.SuiteRunnerWorker.runSuite(SuiteRunnerWorker.java:52)at org.testng.SuiteRunnerWorker.run(SuiteRunnerWorker.java:84)at org.testng.TestNG.runSuitesSequentially(TestNG.java:1187)at org.testng.TestNG.runSuitesLocally(TestNG.java:1116)at org.testng.TestNG.runSuites(TestNG.java:1028)at org.testng.TestNG.run(TestNG.java:996)at org.testng.remote.AbstractRemoteTestNG.run(AbstractRemoteTestNG.java:114)at org.testng.remote.RemoteTestNG.initAndRun(RemoteTestNG.java:251)at org.testng.remote.RemoteTestNG.main(RemoteTestNG.java:77)]]>
            </full-stacktrace>
          </exception> <!-- java.lang.IllegalStateException -->
          <reporter-output>
          </reporter-output>
        </test-method> <!-- RMS_Case3400 -->
        <test-method status="SKIP" signature="End(org.testng.ITestResult)[pri:0, instance:MoH.RNVLRMS@12f41634]" name="End" is-config="true" duration-ms="0" started-at="2018-07-17T12:34:14Z" finished-at="2018-07-17T12:34:14Z">
          <reporter-output>
          </reporter-output>
        </test-method> <!-- End -->
        <test-method status="SKIP" signature="GetDriver()[pri:0, instance:MoH.RNVLRMS@12f41634]" name="GetDriver" is-config="true" duration-ms="0" started-at="2018-07-17T12:34:14Z" finished-at="2018-07-17T12:34:14Z">
          <reporter-output>
          </reporter-output>
        </test-method> <!-- GetDriver -->
        <test-method status="SKIP" signature="SubmitNursingApp_RMS_Case3300()[pri:4, instance:MoH.RNVLRMS@12f41634]" name="SubmitNursingApp_RMS_Case3300" duration-ms="0" started-at="2018-07-17T12:34:14Z" finished-at="2018-07-17T12:34:14Z">
          <exception class="java.lang.IllegalStateException">
            <message>
              <![CDATA[The driver executable does not exist: D:\MoH\src\MoH\chromedriver.exe]]>
            </message>
            <full-stacktrace>
              <![CDATA[java.lang.IllegalStateException: The driver executable does not exist: D:\MoH\src\MoH\chromedriver.exeat com.google.common.base.Preconditions.checkState(Preconditions.java:518)at org.openqa.selenium.remote.service.DriverService.checkExecutable(DriverService.java:136)at org.openqa.selenium.remote.service.DriverService.findExecutable(DriverService.java:131)at org.openqa.selenium.chrome.ChromeDriverService.access$000(ChromeDriverService.java:32)at org.openqa.selenium.chrome.ChromeDriverService$Builder.findDefaultExecutable(ChromeDriverService.java:137)at org.openqa.selenium.remote.service.DriverService$Builder.build(DriverService.java:330)at org.openqa.selenium.chrome.ChromeDriverService.createDefaultService(ChromeDriverService.java:88)at org.openqa.selenium.chrome.ChromeDriver.<init>(ChromeDriver.java:124)at MoH.RNVLRMS.GetDriver(RNVLRMS.java:33)at sun.reflect.NativeMethodAccessorImpl.invoke0(Native Method)at sun.reflect.NativeMethodAccessorImpl.invoke(Unknown Source)at sun.reflect.DelegatingMethodAccessorImpl.invoke(Unknown Source)at java.lang.reflect.Method.invoke(Unknown Source)at org.testng.internal.MethodInvocationHelper.invokeMethod(MethodInvocationHelper.java:124)at org.testng.internal.MethodInvocationHelper.invokeMethodConsideringTimeout(MethodInvocationHelper.java:59)at org.testng.internal.Invoker.invokeConfigurationMethod(Invoker.java:451)at org.testng.internal.Invoker.invokeConfigurations(Invoker.java:222)at org.testng.internal.Invoker.invokeMethod(Invoker.java:516)at org.testng.internal.Invoker.invokeTestMethod(Invoker.java:707)at org.testng.internal.Invoker.invokeTestMethods(Invoker.java:979)at org.testng.internal.TestMethodWorker.invokeTestMethods(TestMethodWorker.java:125)at org.testng.internal.TestMethodWorker.run(TestMethodWorker.java:109)at org.testng.TestRunner.privateRun(TestRunner.java:648)at org.testng.TestRunner.run(TestRunner.java:505)at org.testng.SuiteRunner.runTest(SuiteRunner.java:455)at org.testng.SuiteRunner.runSequentially(SuiteRunner.java:450)at org.testng.SuiteRunner.privateRun(SuiteRunner.java:415)at org.testng.SuiteRunner.run(SuiteRunner.java:364)at org.testng.SuiteRunnerWorker.runSuite(SuiteRunnerWorker.java:52)at org.testng.SuiteRunnerWorker.run(SuiteRunnerWorker.java:84)at org.testng.TestNG.runSuitesSequentially(TestNG.java:1187)at org.testng.TestNG.runSuitesLocally(TestNG.java:1116)at org.testng.TestNG.runSuites(TestNG.java:1028)at org.testng.TestNG.run(TestNG.java:996)at org.testng.remote.AbstractRemoteTestNG.run(AbstractRemoteTestNG.java:114)at org.testng.remote.RemoteTestNG.initAndRun(RemoteTestNG.java:251)at org.testng.remote.RemoteTestNG.main(RemoteTestNG.java:77)]]>
            </full-stacktrace>
          </exception> <!-- java.lang.IllegalStateException -->
          <reporter-output>
          </reporter-output>
        </test-method> <!-- SubmitNursingApp_RMS_Case3300 -->
        <test-method status="SKIP" signature="End(org.testng.ITestResult)[pri:0, instance:MoH.RNVLRMS@12f41634]" name="End" is-config="true" duration-ms="0" started-at="2018-07-17T12:34:14Z" finished-at="2018-07-17T12:34:14Z">
          <reporter-output>
          </reporter-output>
        </test-method> <!-- End -->
        <test-method status="SKIP" signature="GetDriver()[pri:0, instance:MoH.RNVLRMS@12f41634]" name="GetDriver" is-config="true" duration-ms="0" started-at="2018-07-17T12:34:14Z" finished-at="2018-07-17T12:34:14Z">
          <reporter-output>
          </reporter-output>
        </test-method> <!-- GetDriver -->
        <test-method status="SKIP" signature="SubmitNursingApp_RMS_Case3500()[pri:5, instance:MoH.RNVLRMS@12f41634]" name="SubmitNursingApp_RMS_Case3500" duration-ms="0" started-at="2018-07-17T12:34:14Z" finished-at="2018-07-17T12:34:14Z">
          <exception class="java.lang.IllegalStateException">
            <message>
              <![CDATA[The driver executable does not exist: D:\MoH\src\MoH\chromedriver.exe]]>
            </message>
            <full-stacktrace>
              <![CDATA[java.lang.IllegalStateException: The driver executable does not exist: D:\MoH\src\MoH\chromedriver.exeat com.google.common.base.Preconditions.checkState(Preconditions.java:518)at org.openqa.selenium.remote.service.DriverService.checkExecutable(DriverService.java:136)at org.openqa.selenium.remote.service.DriverService.findExecutable(DriverService.java:131)at org.openqa.selenium.chrome.ChromeDriverService.access$000(ChromeDriverService.java:32)at org.openqa.selenium.chrome.ChromeDriverService$Builder.findDefaultExecutable(ChromeDriverService.java:137)at org.openqa.selenium.remote.service.DriverService$Builder.build(DriverService.java:330)at org.openqa.selenium.chrome.ChromeDriverService.createDefaultService(ChromeDriverService.java:88)at org.openqa.selenium.chrome.ChromeDriver.<init>(ChromeDriver.java:124)at MoH.RNVLRMS.GetDriver(RNVLRMS.java:33)at sun.reflect.NativeMethodAccessorImpl.invoke0(Native Method)at sun.reflect.NativeMethodAccessorImpl.invoke(Unknown Source)at sun.reflect.DelegatingMethodAccessorImpl.invoke(Unknown Source)at java.lang.reflect.Method.invoke(Unknown Source)at org.testng.internal.MethodInvocationHelper.invokeMethod(MethodInvocationHelper.java:124)at org.testng.internal.MethodInvocationHelper.invokeMethodConsideringTimeout(MethodInvocationHelper.java:59)at org.testng.internal.Invoker.invokeConfigurationMethod(Invoker.java:451)at org.testng.internal.Invoker.invokeConfigurations(Invoker.java:222)at org.testng.internal.Invoker.invokeMethod(Invoker.java:516)at org.testng.internal.Invoker.invokeTestMethod(Invoker.java:707)at org.testng.internal.Invoker.invokeTestMethods(Invoker.java:979)at org.testng.internal.TestMethodWorker.invokeTestMethods(TestMethodWorker.java:125)at org.testng.internal.TestMethodWorker.run(TestMethodWorker.java:109)at org.testng.TestRunner.privateRun(TestRunner.java:648)at org.testng.TestRunner.run(TestRunner.java:505)at org.testng.SuiteRunner.runTest(SuiteRunner.java:455)at org.testng.SuiteRunner.runSequentially(SuiteRunner.java:450)at org.testng.SuiteRunner.privateRun(SuiteRunner.java:415)at org.testng.SuiteRunner.run(SuiteRunner.java:364)at org.testng.SuiteRunnerWorker.runSuite(SuiteRunnerWorker.java:52)at org.testng.SuiteRunnerWorker.run(SuiteRunnerWorker.java:84)at org.testng.TestNG.runSuitesSequentially(TestNG.java:1187)at org.testng.TestNG.runSuitesLocally(TestNG.java:1116)at org.testng.TestNG.runSuites(TestNG.java:1028)at org.testng.TestNG.run(TestNG.java:996)at org.testng.remote.AbstractRemoteTestNG.run(AbstractRemoteTestNG.java:114)at org.testng.remote.RemoteTestNG.initAndRun(RemoteTestNG.java:251)at org.testng.remote.RemoteTestNG.main(RemoteTestNG.java:77)]]>
            </full-stacktrace>
          </exception> <!-- java.lang.IllegalStateException -->
          <reporter-output>
          </reporter-output>
        </test-method> <!-- SubmitNursingApp_RMS_Case3500 -->
        <test-method status="SKIP" signature="End(org.testng.ITestResult)[pri:0, instance:MoH.RNVLRMS@12f41634]" name="End" is-config="true" duration-ms="0" started-at="2018-07-17T12:34:14Z" finished-at="2018-07-17T12:34:14Z">
          <reporter-output>
          </reporter-output>
        </test-method> <!-- End -->
        <test-method status="SKIP" signature="GetDriver()[pri:0, instance:MoH.RNVLRMS@12f41634]" name="GetDriver" is-config="true" duration-ms="0" started-at="2018-07-17T12:34:14Z" finished-at="2018-07-17T12:34:14Z">
          <reporter-output>
          </reporter-output>
        </test-method> <!-- GetDriver -->
        <test-method status="SKIP" signature="SubmitNursingApp_RMS_Dead_Case3500()[pri:6, instance:MoH.RNVLRMS@12f41634]" name="SubmitNursingApp_RMS_Dead_Case3500" duration-ms="0" started-at="2018-07-17T12:34:14Z" finished-at="2018-07-17T12:34:14Z">
          <exception class="java.lang.IllegalStateException">
            <message>
              <![CDATA[The driver executable does not exist: D:\MoH\src\MoH\chromedriver.exe]]>
            </message>
            <full-stacktrace>
              <![CDATA[java.lang.IllegalStateException: The driver executable does not exist: D:\MoH\src\MoH\chromedriver.exeat com.google.common.base.Preconditions.checkState(Preconditions.java:518)at org.openqa.selenium.remote.service.DriverService.checkExecutable(DriverService.java:136)at org.openqa.selenium.remote.service.DriverService.findExecutable(DriverService.java:131)at org.openqa.selenium.chrome.ChromeDriverService.access$000(ChromeDriverService.java:32)at org.openqa.selenium.chrome.ChromeDriverService$Builder.findDefaultExecutable(ChromeDriverService.java:137)at org.openqa.selenium.remote.service.DriverService$Builder.build(DriverService.java:330)at org.openqa.selenium.chrome.ChromeDriverService.createDefaultService(ChromeDriverService.java:88)at org.openqa.selenium.chrome.ChromeDriver.<init>(ChromeDriver.java:124)at MoH.RNVLRMS.GetDriver(RNVLRMS.java:33)at sun.reflect.NativeMethodAccessorImpl.invoke0(Native Method)at sun.reflect.NativeMethodAccessorImpl.invoke(Unknown Source)at sun.reflect.DelegatingMethodAccessorImpl.invoke(Unknown Source)at java.lang.reflect.Method.invoke(Unknown Source)at org.testng.internal.MethodInvocationHelper.invokeMethod(MethodInvocationHelper.java:124)at org.testng.internal.MethodInvocationHelper.invokeMethodConsideringTimeout(MethodInvocationHelper.java:59)at org.testng.internal.Invoker.invokeConfigurationMethod(Invoker.java:451)at org.testng.internal.Invoker.invokeConfigurations(Invoker.java:222)at org.testng.internal.Invoker.invokeMethod(Invoker.java:516)at org.testng.internal.Invoker.invokeTestMethod(Invoker.java:707)at org.testng.internal.Invoker.invokeTestMethods(Invoker.java:979)at org.testng.internal.TestMethodWorker.invokeTestMethods(TestMethodWorker.java:125)at org.testng.internal.TestMethodWorker.run(TestMethodWorker.java:109)at org.testng.TestRunner.privateRun(TestRunner.java:648)at org.testng.TestRunner.run(TestRunner.java:505)at org.testng.SuiteRunner.runTest(SuiteRunner.java:455)at org.testng.SuiteRunner.runSequentially(SuiteRunner.java:450)at org.testng.SuiteRunner.privateRun(SuiteRunner.java:415)at org.testng.SuiteRunner.run(SuiteRunner.java:364)at org.testng.SuiteRunnerWorker.runSuite(SuiteRunnerWorker.java:52)at org.testng.SuiteRunnerWorker.run(SuiteRunnerWorker.java:84)at org.testng.TestNG.runSuitesSequentially(TestNG.java:1187)at org.testng.TestNG.runSuitesLocally(TestNG.java:1116)at org.testng.TestNG.runSuites(TestNG.java:1028)at org.testng.TestNG.run(TestNG.java:996)at org.testng.remote.AbstractRemoteTestNG.run(AbstractRemoteTestNG.java:114)at org.testng.remote.RemoteTestNG.initAndRun(RemoteTestNG.java:251)at org.testng.remote.RemoteTestNG.main(RemoteTestNG.java:77)]]>
            </full-stacktrace>
          </exception> <!-- java.lang.IllegalStateException -->
          <reporter-output>
          </reporter-output>
        </test-method> <!-- SubmitNursingApp_RMS_Dead_Case3500 -->
        <test-method status="SKIP" signature="End(org.testng.ITestResult)[pri:0, instance:MoH.RNVLRMS@12f41634]" name="End" is-config="true" duration-ms="0" started-at="2018-07-17T12:34:14Z" finished-at="2018-07-17T12:34:14Z">
          <reporter-output>
          </reporter-output>
        </test-method> <!-- End -->
        <test-method status="SKIP" signature="GetDriver()[pri:0, instance:MoH.RNVLRMS@12f41634]" name="GetDriver" is-config="true" duration-ms="0" started-at="2018-07-17T12:34:14Z" finished-at="2018-07-17T12:34:14Z">
          <reporter-output>
          </reporter-output>
        </test-method> <!-- GetDriver -->
        <test-method status="SKIP" signature="SubmitNursingApp_RMS_Case3600()[pri:7, instance:MoH.RNVLRMS@12f41634]" name="SubmitNursingApp_RMS_Case3600" duration-ms="0" started-at="2018-07-17T12:34:14Z" finished-at="2018-07-17T12:34:14Z">
          <exception class="java.lang.IllegalStateException">
            <message>
              <![CDATA[The driver executable does not exist: D:\MoH\src\MoH\chromedriver.exe]]>
            </message>
            <full-stacktrace>
              <![CDATA[java.lang.IllegalStateException: The driver executable does not exist: D:\MoH\src\MoH\chromedriver.exeat com.google.common.base.Preconditions.checkState(Preconditions.java:518)at org.openqa.selenium.remote.service.DriverService.checkExecutable(DriverService.java:136)at org.openqa.selenium.remote.service.DriverService.findExecutable(DriverService.java:131)at org.openqa.selenium.chrome.ChromeDriverService.access$000(ChromeDriverService.java:32)at org.openqa.selenium.chrome.ChromeDriverService$Builder.findDefaultExecutable(ChromeDriverService.java:137)at org.openqa.selenium.remote.service.DriverService$Builder.build(DriverService.java:330)at org.openqa.selenium.chrome.ChromeDriverService.createDefaultService(ChromeDriverService.java:88)at org.openqa.selenium.chrome.ChromeDriver.<init>(ChromeDriver.java:124)at MoH.RNVLRMS.GetDriver(RNVLRMS.java:33)at sun.reflect.NativeMethodAccessorImpl.invoke0(Native Method)at sun.reflect.NativeMethodAccessorImpl.invoke(Unknown Source)at sun.reflect.DelegatingMethodAccessorImpl.invoke(Unknown Source)at java.lang.reflect.Method.invoke(Unknown Source)at org.testng.internal.MethodInvocationHelper.invokeMethod(MethodInvocationHelper.java:124)at org.testng.internal.MethodInvocationHelper.invokeMethodConsideringTimeout(MethodInvocationHelper.java:59)at org.testng.internal.Invoker.invokeConfigurationMethod(Invoker.java:451)at org.testng.internal.Invoker.invokeConfigurations(Invoker.java:222)at org.testng.internal.Invoker.invokeMethod(Invoker.java:516)at org.testng.internal.Invoker.invokeTestMethod(Invoker.java:707)at org.testng.internal.Invoker.invokeTestMethods(Invoker.java:979)at org.testng.internal.TestMethodWorker.invokeTestMethods(TestMethodWorker.java:125)at org.testng.internal.TestMethodWorker.run(TestMethodWorker.java:109)at org.testng.TestRunner.privateRun(TestRunner.java:648)at org.testng.TestRunner.run(TestRunner.java:505)at org.testng.SuiteRunner.runTest(SuiteRunner.java:455)at org.testng.SuiteRunner.runSequentially(SuiteRunner.java:450)at org.testng.SuiteRunner.privateRun(SuiteRunner.java:415)at org.testng.SuiteRunner.run(SuiteRunner.java:364)at org.testng.SuiteRunnerWorker.runSuite(SuiteRunnerWorker.java:52)at org.testng.SuiteRunnerWorker.run(SuiteRunnerWorker.java:84)at org.testng.TestNG.runSuitesSequentially(TestNG.java:1187)at org.testng.TestNG.runSuitesLocally(TestNG.java:1116)at org.testng.TestNG.runSuites(TestNG.java:1028)at org.testng.TestNG.run(TestNG.java:996)at org.testng.remote.AbstractRemoteTestNG.run(AbstractRemoteTestNG.java:114)at org.testng.remote.RemoteTestNG.initAndRun(RemoteTestNG.java:251)at org.testng.remote.RemoteTestNG.main(RemoteTestNG.java:77)]]>
            </full-stacktrace>
          </exception> <!-- java.lang.IllegalStateException -->
          <reporter-output>
          </reporter-output>
        </test-method> <!-- SubmitNursingApp_RMS_Case3600 -->
        <test-method status="SKIP" signature="End(org.testng.ITestResult)[pri:0, instance:MoH.RNVLRMS@12f41634]" name="End" is-config="true" duration-ms="0" started-at="2018-07-17T12:34:14Z" finished-at="2018-07-17T12:34:14Z">
          <reporter-output>
          </reporter-output>
        </test-method> <!-- End -->
        <test-method status="SKIP" signature="GetDriver()[pri:0, instance:MoH.RNVLRMS@12f41634]" name="GetDriver" is-config="true" duration-ms="0" started-at="2018-07-17T12:34:14Z" finished-at="2018-07-17T12:34:14Z">
          <reporter-output>
          </reporter-output>
        </test-method> <!-- GetDriver -->
        <test-method status="SKIP" signature="SubmitNursingApp_RMS_Case3700()[pri:7, instance:MoH.RNVLRMS@12f41634]" name="SubmitNursingApp_RMS_Case3700" duration-ms="0" started-at="2018-07-17T12:34:14Z" finished-at="2018-07-17T12:34:14Z">
          <exception class="java.lang.IllegalStateException">
            <message>
              <![CDATA[The driver executable does not exist: D:\MoH\src\MoH\chromedriver.exe]]>
            </message>
            <full-stacktrace>
              <![CDATA[java.lang.IllegalStateException: The driver executable does not exist: D:\MoH\src\MoH\chromedriver.exeat com.google.common.base.Preconditions.checkState(Preconditions.java:518)at org.openqa.selenium.remote.service.DriverService.checkExecutable(DriverService.java:136)at org.openqa.selenium.remote.service.DriverService.findExecutable(DriverService.java:131)at org.openqa.selenium.chrome.ChromeDriverService.access$000(ChromeDriverService.java:32)at org.openqa.selenium.chrome.ChromeDriverService$Builder.findDefaultExecutable(ChromeDriverService.java:137)at org.openqa.selenium.remote.service.DriverService$Builder.build(DriverService.java:330)at org.openqa.selenium.chrome.ChromeDriverService.createDefaultService(ChromeDriverService.java:88)at org.openqa.selenium.chrome.ChromeDriver.<init>(ChromeDriver.java:124)at MoH.RNVLRMS.GetDriver(RNVLRMS.java:33)at sun.reflect.NativeMethodAccessorImpl.invoke0(Native Method)at sun.reflect.NativeMethodAccessorImpl.invoke(Unknown Source)at sun.reflect.DelegatingMethodAccessorImpl.invoke(Unknown Source)at java.lang.reflect.Method.invoke(Unknown Source)at org.testng.internal.MethodInvocationHelper.invokeMethod(MethodInvocationHelper.java:124)at org.testng.internal.MethodInvocationHelper.invokeMethodConsideringTimeout(MethodInvocationHelper.java:59)at org.testng.internal.Invoker.invokeConfigurationMethod(Invoker.java:451)at org.testng.internal.Invoker.invokeConfigurations(Invoker.java:222)at org.testng.internal.Invoker.invokeMethod(Invoker.java:516)at org.testng.internal.Invoker.invokeTestMethod(Invoker.java:707)at org.testng.internal.Invoker.invokeTestMethods(Invoker.java:979)at org.testng.internal.TestMethodWorker.invokeTestMethods(TestMethodWorker.java:125)at org.testng.internal.TestMethodWorker.run(TestMethodWorker.java:109)at org.testng.TestRunner.privateRun(TestRunner.java:648)at org.testng.TestRunner.run(TestRunner.java:505)at org.testng.SuiteRunner.runTest(SuiteRunner.java:455)at org.testng.SuiteRunner.runSequentially(SuiteRunner.java:450)at org.testng.SuiteRunner.privateRun(SuiteRunner.java:415)at org.testng.SuiteRunner.run(SuiteRunner.java:364)at org.testng.SuiteRunnerWorker.runSuite(SuiteRunnerWorker.java:52)at org.testng.SuiteRunnerWorker.run(SuiteRunnerWorker.java:84)at org.testng.TestNG.runSuitesSequentially(TestNG.java:1187)at org.testng.TestNG.runSuitesLocally(TestNG.java:1116)at org.testng.TestNG.runSuites(TestNG.java:1028)at org.testng.TestNG.run(TestNG.java:996)at org.testng.remote.AbstractRemoteTestNG.run(AbstractRemoteTestNG.java:114)at org.testng.remote.RemoteTestNG.initAndRun(RemoteTestNG.java:251)at org.testng.remote.RemoteTestNG.main(RemoteTestNG.java:77)]]>
            </full-stacktrace>
          </exception> <!-- java.lang.IllegalStateException -->
          <reporter-output>
          </reporter-output>
        </test-method> <!-- SubmitNursingApp_RMS_Case3700 -->
        <test-method status="SKIP" signature="End(org.testng.ITestResult)[pri:0, instance:MoH.RNVLRMS@12f41634]" name="End" is-config="true" duration-ms="0" started-at="2018-07-17T12:34:14Z" finished-at="2018-07-17T12:34:14Z">
          <reporter-output>
          </reporter-output>
        </test-method> <!-- End -->
        <test-method status="SKIP" signature="GetDriver()[pri:0, instance:MoH.RNVLRMS@12f41634]" name="GetDriver" is-config="true" duration-ms="0" started-at="2018-07-17T12:34:14Z" finished-at="2018-07-17T12:34:14Z">
          <reporter-output>
          </reporter-output>
        </test-method> <!-- GetDriver -->
        <test-method status="SKIP" signature="SubmitNursingApp_RMS_Case3710()[pri:7, instance:MoH.RNVLRMS@12f41634]" name="SubmitNursingApp_RMS_Case3710" duration-ms="0" started-at="2018-07-17T12:34:14Z" finished-at="2018-07-17T12:34:14Z">
          <exception class="java.lang.IllegalStateException">
            <message>
              <![CDATA[The driver executable does not exist: D:\MoH\src\MoH\chromedriver.exe]]>
            </message>
            <full-stacktrace>
              <![CDATA[java.lang.IllegalStateException: The driver executable does not exist: D:\MoH\src\MoH\chromedriver.exeat com.google.common.base.Preconditions.checkState(Preconditions.java:518)at org.openqa.selenium.remote.service.DriverService.checkExecutable(DriverService.java:136)at org.openqa.selenium.remote.service.DriverService.findExecutable(DriverService.java:131)at org.openqa.selenium.chrome.ChromeDriverService.access$000(ChromeDriverService.java:32)at org.openqa.selenium.chrome.ChromeDriverService$Builder.findDefaultExecutable(ChromeDriverService.java:137)at org.openqa.selenium.remote.service.DriverService$Builder.build(DriverService.java:330)at org.openqa.selenium.chrome.ChromeDriverService.createDefaultService(ChromeDriverService.java:88)at org.openqa.selenium.chrome.ChromeDriver.<init>(ChromeDriver.java:124)at MoH.RNVLRMS.GetDriver(RNVLRMS.java:33)at sun.reflect.NativeMethodAccessorImpl.invoke0(Native Method)at sun.reflect.NativeMethodAccessorImpl.invoke(Unknown Source)at sun.reflect.DelegatingMethodAccessorImpl.invoke(Unknown Source)at java.lang.reflect.Method.invoke(Unknown Source)at org.testng.internal.MethodInvocationHelper.invokeMethod(MethodInvocationHelper.java:124)at org.testng.internal.MethodInvocationHelper.invokeMethodConsideringTimeout(MethodInvocationHelper.java:59)at org.testng.internal.Invoker.invokeConfigurationMethod(Invoker.java:451)at org.testng.internal.Invoker.invokeConfigurations(Invoker.java:222)at org.testng.internal.Invoker.invokeMethod(Invoker.java:516)at org.testng.internal.Invoker.invokeTestMethod(Invoker.java:707)at org.testng.internal.Invoker.invokeTestMethods(Invoker.java:979)at org.testng.internal.TestMethodWorker.invokeTestMethods(TestMethodWorker.java:125)at org.testng.internal.TestMethodWorker.run(TestMethodWorker.java:109)at org.testng.TestRunner.privateRun(TestRunner.java:648)at org.testng.TestRunner.run(TestRunner.java:505)at org.testng.SuiteRunner.runTest(SuiteRunner.java:455)at org.testng.SuiteRunner.runSequentially(SuiteRunner.java:450)at org.testng.SuiteRunner.privateRun(SuiteRunner.java:415)at org.testng.SuiteRunner.run(SuiteRunner.java:364)at org.testng.SuiteRunnerWorker.runSuite(SuiteRunnerWorker.java:52)at org.testng.SuiteRunnerWorker.run(SuiteRunnerWorker.java:84)at org.testng.TestNG.runSuitesSequentially(TestNG.java:1187)at org.testng.TestNG.runSuitesLocally(TestNG.java:1116)at org.testng.TestNG.runSuites(TestNG.java:1028)at org.testng.TestNG.run(TestNG.java:996)at org.testng.remote.AbstractRemoteTestNG.run(AbstractRemoteTestNG.java:114)at org.testng.remote.RemoteTestNG.initAndRun(RemoteTestNG.java:251)at org.testng.remote.RemoteTestNG.main(RemoteTestNG.java:77)]]>
            </full-stacktrace>
          </exception> <!-- java.lang.IllegalStateException -->
          <reporter-output>
          </reporter-output>
        </test-method> <!-- SubmitNursingApp_RMS_Case3710 -->
        <test-method status="SKIP" signature="End(org.testng.ITestResult)[pri:0, instance:MoH.RNVLRMS@12f41634]" name="End" is-config="true" duration-ms="0" started-at="2018-07-17T12:34:14Z" finished-at="2018-07-17T12:34:14Z">
          <reporter-output>
          </reporter-output>
        </test-method> <!-- End -->
        <test-method status="SKIP" signature="GetDriver()[pri:0, instance:MoH.RNVLRMS@12f41634]" name="GetDriver" is-config="true" duration-ms="0" started-at="2018-07-17T12:34:14Z" finished-at="2018-07-17T12:34:14Z">
          <reporter-output>
          </reporter-output>
        </test-method> <!-- GetDriver -->
        <test-method status="SKIP" signature="SubmitNursingApp_RMS_Case3720()[pri:7, instance:MoH.RNVLRMS@12f41634]" name="SubmitNursingApp_RMS_Case3720" duration-ms="0" started-at="2018-07-17T12:34:14Z" finished-at="2018-07-17T12:34:14Z">
          <exception class="java.lang.IllegalStateException">
            <message>
              <![CDATA[The driver executable does not exist: D:\MoH\src\MoH\chromedriver.exe]]>
            </message>
            <full-stacktrace>
              <![CDATA[java.lang.IllegalStateException: The driver executable does not exist: D:\MoH\src\MoH\chromedriver.exeat com.google.common.base.Preconditions.checkState(Preconditions.java:518)at org.openqa.selenium.remote.service.DriverService.checkExecutable(DriverService.java:136)at org.openqa.selenium.remote.service.DriverService.findExecutable(DriverService.java:131)at org.openqa.selenium.chrome.ChromeDriverService.access$000(ChromeDriverService.java:32)at org.openqa.selenium.chrome.ChromeDriverService$Builder.findDefaultExecutable(ChromeDriverService.java:137)at org.openqa.selenium.remote.service.DriverService$Builder.build(DriverService.java:330)at org.openqa.selenium.chrome.ChromeDriverService.createDefaultService(ChromeDriverService.java:88)at org.openqa.selenium.chrome.ChromeDriver.<init>(ChromeDriver.java:124)at MoH.RNVLRMS.GetDriver(RNVLRMS.java:33)at sun.reflect.NativeMethodAccessorImpl.invoke0(Native Method)at sun.reflect.NativeMethodAccessorImpl.invoke(Unknown Source)at sun.reflect.DelegatingMethodAccessorImpl.invoke(Unknown Source)at java.lang.reflect.Method.invoke(Unknown Source)at org.testng.internal.MethodInvocationHelper.invokeMethod(MethodInvocationHelper.java:124)at org.testng.internal.MethodInvocationHelper.invokeMethodConsideringTimeout(MethodInvocationHelper.java:59)at org.testng.internal.Invoker.invokeConfigurationMethod(Invoker.java:451)at org.testng.internal.Invoker.invokeConfigurations(Invoker.java:222)at org.testng.internal.Invoker.invokeMethod(Invoker.java:516)at org.testng.internal.Invoker.invokeTestMethod(Invoker.java:707)at org.testng.internal.Invoker.invokeTestMethods(Invoker.java:979)at org.testng.internal.TestMethodWorker.invokeTestMethods(TestMethodWorker.java:125)at org.testng.internal.TestMethodWorker.run(TestMethodWorker.java:109)at org.testng.TestRunner.privateRun(TestRunner.java:648)at org.testng.TestRunner.run(TestRunner.java:505)at org.testng.SuiteRunner.runTest(SuiteRunner.java:455)at org.testng.SuiteRunner.runSequentially(SuiteRunner.java:450)at org.testng.SuiteRunner.privateRun(SuiteRunner.java:415)at org.testng.SuiteRunner.run(SuiteRunner.java:364)at org.testng.SuiteRunnerWorker.runSuite(SuiteRunnerWorker.java:52)at org.testng.SuiteRunnerWorker.run(SuiteRunnerWorker.java:84)at org.testng.TestNG.runSuitesSequentially(TestNG.java:1187)at org.testng.TestNG.runSuitesLocally(TestNG.java:1116)at org.testng.TestNG.runSuites(TestNG.java:1028)at org.testng.TestNG.run(TestNG.java:996)at org.testng.remote.AbstractRemoteTestNG.run(AbstractRemoteTestNG.java:114)at org.testng.remote.RemoteTestNG.initAndRun(RemoteTestNG.java:251)at org.testng.remote.RemoteTestNG.main(RemoteTestNG.java:77)]]>
            </full-stacktrace>
          </exception> <!-- java.lang.IllegalStateException -->
          <reporter-output>
          </reporter-output>
        </test-method> <!-- SubmitNursingApp_RMS_Case3720 -->
        <test-method status="SKIP" signature="End(org.testng.ITestResult)[pri:0, instance:MoH.RNVLRMS@12f41634]" name="End" is-config="true" duration-ms="0" started-at="2018-07-17T12:34:14Z" finished-at="2018-07-17T12:34:14Z">
          <reporter-output>
          </reporter-output>
        </test-method> <!-- End -->
        <test-method status="SKIP" signature="GetDriver()[pri:0, instance:MoH.RNVLRMS@12f41634]" name="GetDriver" is-config="true" duration-ms="0" started-at="2018-07-17T12:34:14Z" finished-at="2018-07-17T12:34:14Z">
          <reporter-output>
          </reporter-output>
        </test-method> <!-- GetDriver -->
        <test-method status="SKIP" signature="SubmitNursingApp_RMS_Case3721()[pri:7, instance:MoH.RNVLRMS@12f41634]" name="SubmitNursingApp_RMS_Case3721" duration-ms="0" started-at="2018-07-17T12:34:14Z" finished-at="2018-07-17T12:34:14Z">
          <exception class="java.lang.IllegalStateException">
            <message>
              <![CDATA[The driver executable does not exist: D:\MoH\src\MoH\chromedriver.exe]]>
            </message>
            <full-stacktrace>
              <![CDATA[java.lang.IllegalStateException: The driver executable does not exist: D:\MoH\src\MoH\chromedriver.exeat com.google.common.base.Preconditions.checkState(Preconditions.java:518)at org.openqa.selenium.remote.service.DriverService.checkExecutable(DriverService.java:136)at org.openqa.selenium.remote.service.DriverService.findExecutable(DriverService.java:131)at org.openqa.selenium.chrome.ChromeDriverService.access$000(ChromeDriverService.java:32)at org.openqa.selenium.chrome.ChromeDriverService$Builder.findDefaultExecutable(ChromeDriverService.java:137)at org.openqa.selenium.remote.service.DriverService$Builder.build(DriverService.java:330)at org.openqa.selenium.chrome.ChromeDriverService.createDefaultService(ChromeDriverService.java:88)at org.openqa.selenium.chrome.ChromeDriver.<init>(ChromeDriver.java:124)at MoH.RNVLRMS.GetDriver(RNVLRMS.java:33)at sun.reflect.NativeMethodAccessorImpl.invoke0(Native Method)at sun.reflect.NativeMethodAccessorImpl.invoke(Unknown Source)at sun.reflect.DelegatingMethodAccessorImpl.invoke(Unknown Source)at java.lang.reflect.Method.invoke(Unknown Source)at org.testng.internal.MethodInvocationHelper.invokeMethod(MethodInvocationHelper.java:124)at org.testng.internal.MethodInvocationHelper.invokeMethodConsideringTimeout(MethodInvocationHelper.java:59)at org.testng.internal.Invoker.invokeConfigurationMethod(Invoker.java:451)at org.testng.internal.Invoker.invokeConfigurations(Invoker.java:222)at org.testng.internal.Invoker.invokeMethod(Invoker.java:516)at org.testng.internal.Invoker.invokeTestMethod(Invoker.java:707)at org.testng.internal.Invoker.invokeTestMethods(Invoker.java:979)at org.testng.internal.TestMethodWorker.invokeTestMethods(TestMethodWorker.java:125)at org.testng.internal.TestMethodWorker.run(TestMethodWorker.java:109)at org.testng.TestRunner.privateRun(TestRunner.java:648)at org.testng.TestRunner.run(TestRunner.java:505)at org.testng.SuiteRunner.runTest(SuiteRunner.java:455)at org.testng.SuiteRunner.runSequentially(SuiteRunner.java:450)at org.testng.SuiteRunner.privateRun(SuiteRunner.java:415)at org.testng.SuiteRunner.run(SuiteRunner.java:364)at org.testng.SuiteRunnerWorker.runSuite(SuiteRunnerWorker.java:52)at org.testng.SuiteRunnerWorker.run(SuiteRunnerWorker.java:84)at org.testng.TestNG.runSuitesSequentially(TestNG.java:1187)at org.testng.TestNG.runSuitesLocally(TestNG.java:1116)at org.testng.TestNG.runSuites(TestNG.java:1028)at org.testng.TestNG.run(TestNG.java:996)at org.testng.remote.AbstractRemoteTestNG.run(AbstractRemoteTestNG.java:114)at org.testng.remote.RemoteTestNG.initAndRun(RemoteTestNG.java:251)at org.testng.remote.RemoteTestNG.main(RemoteTestNG.java:77)]]>
            </full-stacktrace>
          </exception> <!-- java.lang.IllegalStateException -->
          <reporter-output>
          </reporter-output>
        </test-method> <!-- SubmitNursingApp_RMS_Case3721 -->
        <test-method status="SKIP" signature="End(org.testng.ITestResult)[pri:0, instance:MoH.RNVLRMS@12f41634]" name="End" is-config="true" duration-ms="0" started-at="2018-07-17T12:34:14Z" finished-at="2018-07-17T12:34:14Z">
          <reporter-output>
          </reporter-output>
        </test-method> <!-- End -->
        <test-method status="SKIP" signature="GetDriver()[pri:0, instance:MoH.RNVLRMS@12f41634]" name="GetDriver" is-config="true" duration-ms="0" started-at="2018-07-17T12:34:14Z" finished-at="2018-07-17T12:34:14Z">
          <reporter-output>
          </reporter-output>
        </test-method> <!-- GetDriver -->
        <test-method status="SKIP" signature="SubmitNursingApp_RMS_Case3730()[pri:7, instance:MoH.RNVLRMS@12f41634]" name="SubmitNursingApp_RMS_Case3730" duration-ms="0" started-at="2018-07-17T12:34:14Z" finished-at="2018-07-17T12:34:14Z">
          <exception class="java.lang.IllegalStateException">
            <message>
              <![CDATA[The driver executable does not exist: D:\MoH\src\MoH\chromedriver.exe]]>
            </message>
            <full-stacktrace>
              <![CDATA[java.lang.IllegalStateException: The driver executable does not exist: D:\MoH\src\MoH\chromedriver.exeat com.google.common.base.Preconditions.checkState(Preconditions.java:518)at org.openqa.selenium.remote.service.DriverService.checkExecutable(DriverService.java:136)at org.openqa.selenium.remote.service.DriverService.findExecutable(DriverService.java:131)at org.openqa.selenium.chrome.ChromeDriverService.access$000(ChromeDriverService.java:32)at org.openqa.selenium.chrome.ChromeDriverService$Builder.findDefaultExecutable(ChromeDriverService.java:137)at org.openqa.selenium.remote.service.DriverService$Builder.build(DriverService.java:330)at org.openqa.selenium.chrome.ChromeDriverService.createDefaultService(ChromeDriverService.java:88)at org.openqa.selenium.chrome.ChromeDriver.<init>(ChromeDriver.java:124)at MoH.RNVLRMS.GetDriver(RNVLRMS.java:33)at sun.reflect.NativeMethodAccessorImpl.invoke0(Native Method)at sun.reflect.NativeMethodAccessorImpl.invoke(Unknown Source)at sun.reflect.DelegatingMethodAccessorImpl.invoke(Unknown Source)at java.lang.reflect.Method.invoke(Unknown Source)at org.testng.internal.MethodInvocationHelper.invokeMethod(MethodInvocationHelper.java:124)at org.testng.internal.MethodInvocationHelper.invokeMethodConsideringTimeout(MethodInvocationHelper.java:59)at org.testng.internal.Invoker.invokeConfigurationMethod(Invoker.java:451)at org.testng.internal.Invoker.invokeConfigurations(Invoker.java:222)at org.testng.internal.Invoker.invokeMethod(Invoker.java:516)at org.testng.internal.Invoker.invokeTestMethod(Invoker.java:707)at org.testng.internal.Invoker.invokeTestMethods(Invoker.java:979)at org.testng.internal.TestMethodWorker.invokeTestMethods(TestMethodWorker.java:125)at org.testng.internal.TestMethodWorker.run(TestMethodWorker.java:109)at org.testng.TestRunner.privateRun(TestRunner.java:648)at org.testng.TestRunner.run(TestRunner.java:505)at org.testng.SuiteRunner.runTest(SuiteRunner.java:455)at org.testng.SuiteRunner.runSequentially(SuiteRunner.java:450)at org.testng.SuiteRunner.privateRun(SuiteRunner.java:415)at org.testng.SuiteRunner.run(SuiteRunner.java:364)at org.testng.SuiteRunnerWorker.runSuite(SuiteRunnerWorker.java:52)at org.testng.SuiteRunnerWorker.run(SuiteRunnerWorker.java:84)at org.testng.TestNG.runSuitesSequentially(TestNG.java:1187)at org.testng.TestNG.runSuitesLocally(TestNG.java:1116)at org.testng.TestNG.runSuites(TestNG.java:1028)at org.testng.TestNG.run(TestNG.java:996)at org.testng.remote.AbstractRemoteTestNG.run(AbstractRemoteTestNG.java:114)at org.testng.remote.RemoteTestNG.initAndRun(RemoteTestNG.java:251)at org.testng.remote.RemoteTestNG.main(RemoteTestNG.java:77)]]>
            </full-stacktrace>
          </exception> <!-- java.lang.IllegalStateException -->
          <reporter-output>
          </reporter-output>
        </test-method> <!-- SubmitNursingApp_RMS_Case3730 -->
        <test-method status="SKIP" signature="End(org.testng.ITestResult)[pri:0, instance:MoH.RNVLRMS@12f41634]" name="End" is-config="true" duration-ms="0" started-at="2018-07-17T12:34:14Z" finished-at="2018-07-17T12:34:14Z">
          <reporter-output>
          </reporter-output>
        </test-method> <!-- End -->
        <test-method status="SKIP" signature="GetDriver()[pri:0, instance:MoH.RNVLRMS@12f41634]" name="GetDriver" is-config="true" duration-ms="0" started-at="2018-07-17T12:34:14Z" finished-at="2018-07-17T12:34:14Z">
          <reporter-output>
          </reporter-output>
        </test-method> <!-- GetDriver -->
        <test-method status="SKIP" signature="SubmitNursingApp_RMS_Case3731()[pri:7, instance:MoH.RNVLRMS@12f41634]" name="SubmitNursingApp_RMS_Case3731" duration-ms="0" started-at="2018-07-17T12:34:14Z" finished-at="2018-07-17T12:34:14Z">
          <exception class="java.lang.IllegalStateException">
            <message>
              <![CDATA[The driver executable does not exist: D:\MoH\src\MoH\chromedriver.exe]]>
            </message>
            <full-stacktrace>
              <![CDATA[java.lang.IllegalStateException: The driver executable does not exist: D:\MoH\src\MoH\chromedriver.exeat com.google.common.base.Preconditions.checkState(Preconditions.java:518)at org.openqa.selenium.remote.service.DriverService.checkExecutable(DriverService.java:136)at org.openqa.selenium.remote.service.DriverService.findExecutable(DriverService.java:131)at org.openqa.selenium.chrome.ChromeDriverService.access$000(ChromeDriverService.java:32)at org.openqa.selenium.chrome.ChromeDriverService$Builder.findDefaultExecutable(ChromeDriverService.java:137)at org.openqa.selenium.remote.service.DriverService$Builder.build(DriverService.java:330)at org.openqa.selenium.chrome.ChromeDriverService.createDefaultService(ChromeDriverService.java:88)at org.openqa.selenium.chrome.ChromeDriver.<init>(ChromeDriver.java:124)at MoH.RNVLRMS.GetDriver(RNVLRMS.java:33)at sun.reflect.NativeMethodAccessorImpl.invoke0(Native Method)at sun.reflect.NativeMethodAccessorImpl.invoke(Unknown Source)at sun.reflect.DelegatingMethodAccessorImpl.invoke(Unknown Source)at java.lang.reflect.Method.invoke(Unknown Source)at org.testng.internal.MethodInvocationHelper.invokeMethod(MethodInvocationHelper.java:124)at org.testng.internal.MethodInvocationHelper.invokeMethodConsideringTimeout(MethodInvocationHelper.java:59)at org.testng.internal.Invoker.invokeConfigurationMethod(Invoker.java:451)at org.testng.internal.Invoker.invokeConfigurations(Invoker.java:222)at org.testng.internal.Invoker.invokeMethod(Invoker.java:516)at org.testng.internal.Invoker.invokeTestMethod(Invoker.java:707)at org.testng.internal.Invoker.invokeTestMethods(Invoker.java:979)at org.testng.internal.TestMethodWorker.invokeTestMethods(TestMethodWorker.java:125)at org.testng.internal.TestMethodWorker.run(TestMethodWorker.java:109)at org.testng.TestRunner.privateRun(TestRunner.java:648)at org.testng.TestRunner.run(TestRunner.java:505)at org.testng.SuiteRunner.runTest(SuiteRunner.java:455)at org.testng.SuiteRunner.runSequentially(SuiteRunner.java:450)at org.testng.SuiteRunner.privateRun(SuiteRunner.java:415)at org.testng.SuiteRunner.run(SuiteRunner.java:364)at org.testng.SuiteRunnerWorker.runSuite(SuiteRunnerWorker.java:52)at org.testng.SuiteRunnerWorker.run(SuiteRunnerWorker.java:84)at org.testng.TestNG.runSuitesSequentially(TestNG.java:1187)at org.testng.TestNG.runSuitesLocally(TestNG.java:1116)at org.testng.TestNG.runSuites(TestNG.java:1028)at org.testng.TestNG.run(TestNG.java:996)at org.testng.remote.AbstractRemoteTestNG.run(AbstractRemoteTestNG.java:114)at org.testng.remote.RemoteTestNG.initAndRun(RemoteTestNG.java:251)at org.testng.remote.RemoteTestNG.main(RemoteTestNG.java:77)]]>
            </full-stacktrace>
          </exception> <!-- java.lang.IllegalStateException -->
          <reporter-output>
          </reporter-output>
        </test-method> <!-- SubmitNursingApp_RMS_Case3731 -->
        <test-method status="SKIP" signature="End(org.testng.ITestResult)[pri:0, instance:MoH.RNVLRMS@12f41634]" name="End" is-config="true" duration-ms="0" started-at="2018-07-17T12:34:14Z" finished-at="2018-07-17T12:34:14Z">
          <reporter-output>
          </reporter-output>
        </test-method> <!-- End -->
        <test-method status="SKIP" signature="GetDriver()[pri:0, instance:MoH.RNVLRMS@12f41634]" name="GetDriver" is-config="true" duration-ms="0" started-at="2018-07-17T12:34:14Z" finished-at="2018-07-17T12:34:14Z">
          <reporter-output>
          </reporter-output>
        </test-method> <!-- GetDriver -->
        <test-method status="SKIP" signature="SubmitNursingApp_RMS_Case3740()[pri:7, instance:MoH.RNVLRMS@12f41634]" name="SubmitNursingApp_RMS_Case3740" duration-ms="0" started-at="2018-07-17T12:34:14Z" finished-at="2018-07-17T12:34:14Z">
          <exception class="java.lang.IllegalStateException">
            <message>
              <![CDATA[The driver executable does not exist: D:\MoH\src\MoH\chromedriver.exe]]>
            </message>
            <full-stacktrace>
              <![CDATA[java.lang.IllegalStateException: The driver executable does not exist: D:\MoH\src\MoH\chromedriver.exeat com.google.common.base.Preconditions.checkState(Preconditions.java:518)at org.openqa.selenium.remote.service.DriverService.checkExecutable(DriverService.java:136)at org.openqa.selenium.remote.service.DriverService.findExecutable(DriverService.java:131)at org.openqa.selenium.chrome.ChromeDriverService.access$000(ChromeDriverService.java:32)at org.openqa.selenium.chrome.ChromeDriverService$Builder.findDefaultExecutable(ChromeDriverService.java:137)at org.openqa.selenium.remote.service.DriverService$Builder.build(DriverService.java:330)at org.openqa.selenium.chrome.ChromeDriverService.createDefaultService(ChromeDriverService.java:88)at org.openqa.selenium.chrome.ChromeDriver.<init>(ChromeDriver.java:124)at MoH.RNVLRMS.GetDriver(RNVLRMS.java:33)at sun.reflect.NativeMethodAccessorImpl.invoke0(Native Method)at sun.reflect.NativeMethodAccessorImpl.invoke(Unknown Source)at sun.reflect.DelegatingMethodAccessorImpl.invoke(Unknown Source)at java.lang.reflect.Method.invoke(Unknown Source)at org.testng.internal.MethodInvocationHelper.invokeMethod(MethodInvocationHelper.java:124)at org.testng.internal.MethodInvocationHelper.invokeMethodConsideringTimeout(MethodInvocationHelper.java:59)at org.testng.internal.Invoker.invokeConfigurationMethod(Invoker.java:451)at org.testng.internal.Invoker.invokeConfigurations(Invoker.java:222)at org.testng.internal.Invoker.invokeMethod(Invoker.java:516)at org.testng.internal.Invoker.invokeTestMethod(Invoker.java:707)at org.testng.internal.Invoker.invokeTestMethods(Invoker.java:979)at org.testng.internal.TestMethodWorker.invokeTestMethods(TestMethodWorker.java:125)at org.testng.internal.TestMethodWorker.run(TestMethodWorker.java:109)at org.testng.TestRunner.privateRun(TestRunner.java:648)at org.testng.TestRunner.run(TestRunner.java:505)at org.testng.SuiteRunner.runTest(SuiteRunner.java:455)at org.testng.SuiteRunner.runSequentially(SuiteRunner.java:450)at org.testng.SuiteRunner.privateRun(SuiteRunner.java:415)at org.testng.SuiteRunner.run(SuiteRunner.java:364)at org.testng.SuiteRunnerWorker.runSuite(SuiteRunnerWorker.java:52)at org.testng.SuiteRunnerWorker.run(SuiteRunnerWorker.java:84)at org.testng.TestNG.runSuitesSequentially(TestNG.java:1187)at org.testng.TestNG.runSuitesLocally(TestNG.java:1116)at org.testng.TestNG.runSuites(TestNG.java:1028)at org.testng.TestNG.run(TestNG.java:996)at org.testng.remote.AbstractRemoteTestNG.run(AbstractRemoteTestNG.java:114)at org.testng.remote.RemoteTestNG.initAndRun(RemoteTestNG.java:251)at org.testng.remote.RemoteTestNG.main(RemoteTestNG.java:77)]]>
            </full-stacktrace>
          </exception> <!-- java.lang.IllegalStateException -->
          <reporter-output>
          </reporter-output>
        </test-method> <!-- SubmitNursingApp_RMS_Case3740 -->
        <test-method status="SKIP" signature="End(org.testng.ITestResult)[pri:0, instance:MoH.RNVLRMS@12f41634]" name="End" is-config="true" duration-ms="0" started-at="2018-07-17T12:34:14Z" finished-at="2018-07-17T12:34:14Z">
          <reporter-output>
          </reporter-output>
        </test-method> <!-- End -->
        <test-method status="SKIP" signature="GetDriver()[pri:0, instance:MoH.RNVLRMS@12f41634]" name="GetDriver" is-config="true" duration-ms="0" started-at="2018-07-17T12:34:14Z" finished-at="2018-07-17T12:34:14Z">
          <reporter-output>
          </reporter-output>
        </test-method> <!-- GetDriver -->
        <test-method status="SKIP" signature="SubmitNursingApp_RMS_Case3810()[pri:7, instance:MoH.RNVLRMS@12f41634]" name="SubmitNursingApp_RMS_Case3810" duration-ms="0" started-at="2018-07-17T12:34:14Z" finished-at="2018-07-17T12:34:14Z">
          <exception class="java.lang.IllegalStateException">
            <message>
              <![CDATA[The driver executable does not exist: D:\MoH\src\MoH\chromedriver.exe]]>
            </message>
            <full-stacktrace>
              <![CDATA[java.lang.IllegalStateException: The driver executable does not exist: D:\MoH\src\MoH\chromedriver.exeat com.google.common.base.Preconditions.checkState(Preconditions.java:518)at org.openqa.selenium.remote.service.DriverService.checkExecutable(DriverService.java:136)at org.openqa.selenium.remote.service.DriverService.findExecutable(DriverService.java:131)at org.openqa.selenium.chrome.ChromeDriverService.access$000(ChromeDriverService.java:32)at org.openqa.selenium.chrome.ChromeDriverService$Builder.findDefaultExecutable(ChromeDriverService.java:137)at org.openqa.selenium.remote.service.DriverService$Builder.build(DriverService.java:330)at org.openqa.selenium.chrome.ChromeDriverService.createDefaultService(ChromeDriverService.java:88)at org.openqa.selenium.chrome.ChromeDriver.<init>(ChromeDriver.java:124)at MoH.RNVLRMS.GetDriver(RNVLRMS.java:33)at sun.reflect.NativeMethodAccessorImpl.invoke0(Native Method)at sun.reflect.NativeMethodAccessorImpl.invoke(Unknown Source)at sun.reflect.DelegatingMethodAccessorImpl.invoke(Unknown Source)at java.lang.reflect.Method.invoke(Unknown Source)at org.testng.internal.MethodInvocationHelper.invokeMethod(MethodInvocationHelper.java:124)at org.testng.internal.MethodInvocationHelper.invokeMethodConsideringTimeout(MethodInvocationHelper.java:59)at org.testng.internal.Invoker.invokeConfigurationMethod(Invoker.java:451)at org.testng.internal.Invoker.invokeConfigurations(Invoker.java:222)at org.testng.internal.Invoker.invokeMethod(Invoker.java:516)at org.testng.internal.Invoker.invokeTestMethod(Invoker.java:707)at org.testng.internal.Invoker.invokeTestMethods(Invoker.java:979)at org.testng.internal.TestMethodWorker.invokeTestMethods(TestMethodWorker.java:125)at org.testng.internal.TestMethodWorker.run(TestMethodWorker.java:109)at org.testng.TestRunner.privateRun(TestRunner.java:648)at org.testng.TestRunner.run(TestRunner.java:505)at org.testng.SuiteRunner.runTest(SuiteRunner.java:455)at org.testng.SuiteRunner.runSequentially(SuiteRunner.java:450)at org.testng.SuiteRunner.privateRun(SuiteRunner.java:415)at org.testng.SuiteRunner.run(SuiteRunner.java:364)at org.testng.SuiteRunnerWorker.runSuite(SuiteRunnerWorker.java:52)at org.testng.SuiteRunnerWorker.run(SuiteRunnerWorker.java:84)at org.testng.TestNG.runSuitesSequentially(TestNG.java:1187)at org.testng.TestNG.runSuitesLocally(TestNG.java:1116)at org.testng.TestNG.runSuites(TestNG.java:1028)at org.testng.TestNG.run(TestNG.java:996)at org.testng.remote.AbstractRemoteTestNG.run(AbstractRemoteTestNG.java:114)at org.testng.remote.RemoteTestNG.initAndRun(RemoteTestNG.java:251)at org.testng.remote.RemoteTestNG.main(RemoteTestNG.java:77)]]>
            </full-stacktrace>
          </exception> <!-- java.lang.IllegalStateException -->
          <reporter-output>
          </reporter-output>
        </test-method> <!-- SubmitNursingApp_RMS_Case3810 -->
        <test-method status="SKIP" signature="End(org.testng.ITestResult)[pri:0, instance:MoH.RNVLRMS@12f41634]" name="End" is-config="true" duration-ms="0" started-at="2018-07-17T12:34:14Z" finished-at="2018-07-17T12:34:14Z">
          <reporter-output>
          </reporter-output>
        </test-method> <!-- End -->
        <test-method status="SKIP" signature="GetDriver()[pri:0, instance:MoH.RNVLRMS@12f41634]" name="GetDriver" is-config="true" duration-ms="0" started-at="2018-07-17T12:34:14Z" finished-at="2018-07-17T12:34:14Z">
          <reporter-output>
          </reporter-output>
        </test-method> <!-- GetDriver -->
        <test-method status="SKIP" signature="SubmitNursingApp_RMS_Case3820()[pri:7, instance:MoH.RNVLRMS@12f41634]" name="SubmitNursingApp_RMS_Case3820" duration-ms="0" started-at="2018-07-17T12:34:14Z" finished-at="2018-07-17T12:34:14Z">
          <exception class="java.lang.IllegalStateException">
            <message>
              <![CDATA[The driver executable does not exist: D:\MoH\src\MoH\chromedriver.exe]]>
            </message>
            <full-stacktrace>
              <![CDATA[java.lang.IllegalStateException: The driver executable does not exist: D:\MoH\src\MoH\chromedriver.exeat com.google.common.base.Preconditions.checkState(Preconditions.java:518)at org.openqa.selenium.remote.service.DriverService.checkExecutable(DriverService.java:136)at org.openqa.selenium.remote.service.DriverService.findExecutable(DriverService.java:131)at org.openqa.selenium.chrome.ChromeDriverService.access$000(ChromeDriverService.java:32)at org.openqa.selenium.chrome.ChromeDriverService$Builder.findDefaultExecutable(ChromeDriverService.java:137)at org.openqa.selenium.remote.service.DriverService$Builder.build(DriverService.java:330)at org.openqa.selenium.chrome.ChromeDriverService.createDefaultService(ChromeDriverService.java:88)at org.openqa.selenium.chrome.ChromeDriver.<init>(ChromeDriver.java:124)at MoH.RNVLRMS.GetDriver(RNVLRMS.java:33)at sun.reflect.NativeMethodAccessorImpl.invoke0(Native Method)at sun.reflect.NativeMethodAccessorImpl.invoke(Unknown Source)at sun.reflect.DelegatingMethodAccessorImpl.invoke(Unknown Source)at java.lang.reflect.Method.invoke(Unknown Source)at org.testng.internal.MethodInvocationHelper.invokeMethod(MethodInvocationHelper.java:124)at org.testng.internal.MethodInvocationHelper.invokeMethodConsideringTimeout(MethodInvocationHelper.java:59)at org.testng.internal.Invoker.invokeConfigurationMethod(Invoker.java:451)at org.testng.internal.Invoker.invokeConfigurations(Invoker.java:222)at org.testng.internal.Invoker.invokeMethod(Invoker.java:516)at org.testng.internal.Invoker.invokeTestMethod(Invoker.java:707)at org.testng.internal.Invoker.invokeTestMethods(Invoker.java:979)at org.testng.internal.TestMethodWorker.invokeTestMethods(TestMethodWorker.java:125)at org.testng.internal.TestMethodWorker.run(TestMethodWorker.java:109)at org.testng.TestRunner.privateRun(TestRunner.java:648)at org.testng.TestRunner.run(TestRunner.java:505)at org.testng.SuiteRunner.runTest(SuiteRunner.java:455)at org.testng.SuiteRunner.runSequentially(SuiteRunner.java:450)at org.testng.SuiteRunner.privateRun(SuiteRunner.java:415)at org.testng.SuiteRunner.run(SuiteRunner.java:364)at org.testng.SuiteRunnerWorker.runSuite(SuiteRunnerWorker.java:52)at org.testng.SuiteRunnerWorker.run(SuiteRunnerWorker.java:84)at org.testng.TestNG.runSuitesSequentially(TestNG.java:1187)at org.testng.TestNG.runSuitesLocally(TestNG.java:1116)at org.testng.TestNG.runSuites(TestNG.java:1028)at org.testng.TestNG.run(TestNG.java:996)at org.testng.remote.AbstractRemoteTestNG.run(AbstractRemoteTestNG.java:114)at org.testng.remote.RemoteTestNG.initAndRun(RemoteTestNG.java:251)at org.testng.remote.RemoteTestNG.main(RemoteTestNG.java:77)]]>
            </full-stacktrace>
          </exception> <!-- java.lang.IllegalStateException -->
          <reporter-output>
          </reporter-output>
        </test-method> <!-- SubmitNursingApp_RMS_Case3820 -->
        <test-method status="SKIP" signature="End(org.testng.ITestResult)[pri:0, instance:MoH.RNVLRMS@12f41634]" name="End" is-config="true" duration-ms="0" started-at="2018-07-17T12:34:14Z" finished-at="2018-07-17T12:34:14Z">
          <reporter-output>
          </reporter-output>
        </test-method> <!-- End -->
        <test-method status="SKIP" signature="GetDriver()[pri:0, instance:MoH.RNVLRMS@12f41634]" name="GetDriver" is-config="true" duration-ms="0" started-at="2018-07-17T12:34:14Z" finished-at="2018-07-17T12:34:14Z">
          <reporter-output>
          </reporter-output>
        </test-method> <!-- GetDriver -->
        <test-method status="SKIP" signature="SubmitNursingApp_RMS_Case3760()[pri:9, instance:MoH.RNVLRMS@12f41634]" name="SubmitNursingApp_RMS_Case3760" duration-ms="0" started-at="2018-07-17T12:34:14Z" finished-at="2018-07-17T12:34:14Z">
          <exception class="java.lang.IllegalStateException">
            <message>
              <![CDATA[The driver executable does not exist: D:\MoH\src\MoH\chromedriver.exe]]>
            </message>
            <full-stacktrace>
              <![CDATA[java.lang.IllegalStateException: The driver executable does not exist: D:\MoH\src\MoH\chromedriver.exeat com.google.common.base.Preconditions.checkState(Preconditions.java:518)at org.openqa.selenium.remote.service.DriverService.checkExecutable(DriverService.java:136)at org.openqa.selenium.remote.service.DriverService.findExecutable(DriverService.java:131)at org.openqa.selenium.chrome.ChromeDriverService.access$000(ChromeDriverService.java:32)at org.openqa.selenium.chrome.ChromeDriverService$Builder.findDefaultExecutable(ChromeDriverService.java:137)at org.openqa.selenium.remote.service.DriverService$Builder.build(DriverService.java:330)at org.openqa.selenium.chrome.ChromeDriverService.createDefaultService(ChromeDriverService.java:88)at org.openqa.selenium.chrome.ChromeDriver.<init>(ChromeDriver.java:124)at MoH.RNVLRMS.GetDriver(RNVLRMS.java:33)at sun.reflect.NativeMethodAccessorImpl.invoke0(Native Method)at sun.reflect.NativeMethodAccessorImpl.invoke(Unknown Source)at sun.reflect.DelegatingMethodAccessorImpl.invoke(Unknown Source)at java.lang.reflect.Method.invoke(Unknown Source)at org.testng.internal.MethodInvocationHelper.invokeMethod(MethodInvocationHelper.java:124)at org.testng.internal.MethodInvocationHelper.invokeMethodConsideringTimeout(MethodInvocationHelper.java:59)at org.testng.internal.Invoker.invokeConfigurationMethod(Invoker.java:451)at org.testng.internal.Invoker.invokeConfigurations(Invoker.java:222)at org.testng.internal.Invoker.invokeMethod(Invoker.java:516)at org.testng.internal.Invoker.invokeTestMethod(Invoker.java:707)at org.testng.internal.Invoker.invokeTestMethods(Invoker.java:979)at org.testng.internal.TestMethodWorker.invokeTestMethods(TestMethodWorker.java:125)at org.testng.internal.TestMethodWorker.run(TestMethodWorker.java:109)at org.testng.TestRunner.privateRun(TestRunner.java:648)at org.testng.TestRunner.run(TestRunner.java:505)at org.testng.SuiteRunner.runTest(SuiteRunner.java:455)at org.testng.SuiteRunner.runSequentially(SuiteRunner.java:450)at org.testng.SuiteRunner.privateRun(SuiteRunner.java:415)at org.testng.SuiteRunner.run(SuiteRunner.java:364)at org.testng.SuiteRunnerWorker.runSuite(SuiteRunnerWorker.java:52)at org.testng.SuiteRunnerWorker.run(SuiteRunnerWorker.java:84)at org.testng.TestNG.runSuitesSequentially(TestNG.java:1187)at org.testng.TestNG.runSuitesLocally(TestNG.java:1116)at org.testng.TestNG.runSuites(TestNG.java:1028)at org.testng.TestNG.run(TestNG.java:996)at org.testng.remote.AbstractRemoteTestNG.run(AbstractRemoteTestNG.java:114)at org.testng.remote.RemoteTestNG.initAndRun(RemoteTestNG.java:251)at org.testng.remote.RemoteTestNG.main(RemoteTestNG.java:77)]]>
            </full-stacktrace>
          </exception> <!-- java.lang.IllegalStateException -->
          <reporter-output>
          </reporter-output>
        </test-method> <!-- SubmitNursingApp_RMS_Case3760 -->
        <test-method status="SKIP" signature="End(org.testng.ITestResult)[pri:0, instance:MoH.RNVLRMS@12f41634]" name="End" is-config="true" duration-ms="0" started-at="2018-07-17T12:34:14Z" finished-at="2018-07-17T12:34:14Z">
          <reporter-output>
          </reporter-output>
        </test-method> <!-- End -->
        <test-method status="SKIP" signature="GetDriver()[pri:0, instance:MoH.RNVLRMS@12f41634]" name="GetDriver" is-config="true" duration-ms="0" started-at="2018-07-17T12:34:14Z" finished-at="2018-07-17T12:34:14Z">
          <reporter-output>
          </reporter-output>
        </test-method> <!-- GetDriver -->
        <test-method status="SKIP" signature="SubmitNursingApp_RMS_Case3800()[pri:10, instance:MoH.RNVLRMS@12f41634]" name="SubmitNursingApp_RMS_Case3800" duration-ms="0" started-at="2018-07-17T12:34:14Z" finished-at="2018-07-17T12:34:14Z">
          <exception class="java.lang.IllegalStateException">
            <message>
              <![CDATA[The driver executable does not exist: D:\MoH\src\MoH\chromedriver.exe]]>
            </message>
            <full-stacktrace>
              <![CDATA[java.lang.IllegalStateException: The driver executable does not exist: D:\MoH\src\MoH\chromedriver.exeat com.google.common.base.Preconditions.checkState(Preconditions.java:518)at org.openqa.selenium.remote.service.DriverService.checkExecutable(DriverService.java:136)at org.openqa.selenium.remote.service.DriverService.findExecutable(DriverService.java:131)at org.openqa.selenium.chrome.ChromeDriverService.access$000(ChromeDriverService.java:32)at org.openqa.selenium.chrome.ChromeDriverService$Builder.findDefaultExecutable(ChromeDriverService.java:137)at org.openqa.selenium.remote.service.DriverService$Builder.build(DriverService.java:330)at org.openqa.selenium.chrome.ChromeDriverService.createDefaultService(ChromeDriverService.java:88)at org.openqa.selenium.chrome.ChromeDriver.<init>(ChromeDriver.java:124)at MoH.RNVLRMS.GetDriver(RNVLRMS.java:33)at sun.reflect.NativeMethodAccessorImpl.invoke0(Native Method)at sun.reflect.NativeMethodAccessorImpl.invoke(Unknown Source)at sun.reflect.DelegatingMethodAccessorImpl.invoke(Unknown Source)at java.lang.reflect.Method.invoke(Unknown Source)at org.testng.internal.MethodInvocationHelper.invokeMethod(MethodInvocationHelper.java:124)at org.testng.internal.MethodInvocationHelper.invokeMethodConsideringTimeout(MethodInvocationHelper.java:59)at org.testng.internal.Invoker.invokeConfigurationMethod(Invoker.java:451)at org.testng.internal.Invoker.invokeConfigurations(Invoker.java:222)at org.testng.internal.Invoker.invokeMethod(Invoker.java:516)at org.testng.internal.Invoker.invokeTestMethod(Invoker.java:707)at org.testng.internal.Invoker.invokeTestMethods(Invoker.java:979)at org.testng.internal.TestMethodWorker.invokeTestMethods(TestMethodWorker.java:125)at org.testng.internal.TestMethodWorker.run(TestMethodWorker.java:109)at org.testng.TestRunner.privateRun(TestRunner.java:648)at org.testng.TestRunner.run(TestRunner.java:505)at org.testng.SuiteRunner.runTest(SuiteRunner.java:455)at org.testng.SuiteRunner.runSequentially(SuiteRunner.java:450)at org.testng.SuiteRunner.privateRun(SuiteRunner.java:415)at org.testng.SuiteRunner.run(SuiteRunner.java:364)at org.testng.SuiteRunnerWorker.runSuite(SuiteRunnerWorker.java:52)at org.testng.SuiteRunnerWorker.run(SuiteRunnerWorker.java:84)at org.testng.TestNG.runSuitesSequentially(TestNG.java:1187)at org.testng.TestNG.runSuitesLocally(TestNG.java:1116)at org.testng.TestNG.runSuites(TestNG.java:1028)at org.testng.TestNG.run(TestNG.java:996)at org.testng.remote.AbstractRemoteTestNG.run(AbstractRemoteTestNG.java:114)at org.testng.remote.RemoteTestNG.initAndRun(RemoteTestNG.java:251)at org.testng.remote.RemoteTestNG.main(RemoteTestNG.java:77)]]>
            </full-stacktrace>
          </exception> <!-- java.lang.IllegalStateException -->
          <reporter-output>
          </reporter-output>
        </test-method> <!-- SubmitNursingApp_RMS_Case3800 -->
        <test-method status="SKIP" signature="End(org.testng.ITestResult)[pri:0, instance:MoH.RNVLRMS@12f41634]" name="End" is-config="true" duration-ms="0" started-at="2018-07-17T12:34:14Z" finished-at="2018-07-17T12:34:14Z">
          <reporter-output>
          </reporter-output>
        </test-method> <!-- End -->
        <test-method status="SKIP" signature="GetDriver()[pri:0, instance:MoH.RNVLRMS@12f41634]" name="GetDriver" is-config="true" duration-ms="0" started-at="2018-07-17T12:34:15Z" finished-at="2018-07-17T12:34:15Z">
          <reporter-output>
          </reporter-output>
        </test-method> <!-- GetDriver -->
        <test-method status="SKIP" signature="SubmitNursingApp_RMS_Case3750()[pri:14, instance:MoH.RNVLRMS@12f41634]" name="SubmitNursingApp_RMS_Case3750" duration-ms="0" started-at="2018-07-17T12:34:15Z" finished-at="2018-07-17T12:34:15Z">
          <exception class="java.lang.IllegalStateException">
            <message>
              <![CDATA[The driver executable does not exist: D:\MoH\src\MoH\chromedriver.exe]]>
            </message>
            <full-stacktrace>
              <![CDATA[java.lang.IllegalStateException: The driver executable does not exist: D:\MoH\src\MoH\chromedriver.exeat com.google.common.base.Preconditions.checkState(Preconditions.java:518)at org.openqa.selenium.remote.service.DriverService.checkExecutable(DriverService.java:136)at org.openqa.selenium.remote.service.DriverService.findExecutable(DriverService.java:131)at org.openqa.selenium.chrome.ChromeDriverService.access$000(ChromeDriverService.java:32)at org.openqa.selenium.chrome.ChromeDriverService$Builder.findDefaultExecutable(ChromeDriverService.java:137)at org.openqa.selenium.remote.service.DriverService$Builder.build(DriverService.java:330)at org.openqa.selenium.chrome.ChromeDriverService.createDefaultService(ChromeDriverService.java:88)at org.openqa.selenium.chrome.ChromeDriver.<init>(ChromeDriver.java:124)at MoH.RNVLRMS.GetDriver(RNVLRMS.java:33)at sun.reflect.NativeMethodAccessorImpl.invoke0(Native Method)at sun.reflect.NativeMethodAccessorImpl.invoke(Unknown Source)at sun.reflect.DelegatingMethodAccessorImpl.invoke(Unknown Source)at java.lang.reflect.Method.invoke(Unknown Source)at org.testng.internal.MethodInvocationHelper.invokeMethod(MethodInvocationHelper.java:124)at org.testng.internal.MethodInvocationHelper.invokeMethodConsideringTimeout(MethodInvocationHelper.java:59)at org.testng.internal.Invoker.invokeConfigurationMethod(Invoker.java:451)at org.testng.internal.Invoker.invokeConfigurations(Invoker.java:222)at org.testng.internal.Invoker.invokeMethod(Invoker.java:516)at org.testng.internal.Invoker.invokeTestMethod(Invoker.java:707)at org.testng.internal.Invoker.invokeTestMethods(Invoker.java:979)at org.testng.internal.TestMethodWorker.invokeTestMethods(TestMethodWorker.java:125)at org.testng.internal.TestMethodWorker.run(TestMethodWorker.java:109)at org.testng.TestRunner.privateRun(TestRunner.java:648)at org.testng.TestRunner.run(TestRunner.java:505)at org.testng.SuiteRunner.runTest(SuiteRunner.java:455)at org.testng.SuiteRunner.runSequentially(SuiteRunner.java:450)at org.testng.SuiteRunner.privateRun(SuiteRunner.java:415)at org.testng.SuiteRunner.run(SuiteRunner.java:364)at org.testng.SuiteRunnerWorker.runSuite(SuiteRunnerWorker.java:52)at org.testng.SuiteRunnerWorker.run(SuiteRunnerWorker.java:84)at org.testng.TestNG.runSuitesSequentially(TestNG.java:1187)at org.testng.TestNG.runSuitesLocally(TestNG.java:1116)at org.testng.TestNG.runSuites(TestNG.java:1028)at org.testng.TestNG.run(TestNG.java:996)at org.testng.remote.AbstractRemoteTestNG.run(AbstractRemoteTestNG.java:114)at org.testng.remote.RemoteTestNG.initAndRun(RemoteTestNG.java:251)at org.testng.remote.RemoteTestNG.main(RemoteTestNG.java:77)]]>
            </full-stacktrace>
          </exception> <!-- java.lang.IllegalStateException -->
          <reporter-output>
          </reporter-output>
        </test-method> <!-- SubmitNursingApp_RMS_Case3750 -->
        <test-method status="SKIP" signature="End(org.testng.ITestResult)[pri:0, instance:MoH.RNVLRMS@12f41634]" name="End" is-config="true" duration-ms="0" started-at="2018-07-17T12:34:15Z" finished-at="2018-07-17T12:34:15Z">
          <reporter-output>
          </reporter-output>
        </test-method> <!-- End -->
      </class> <!-- MoH.RNVLRMS -->
    </test> <!-- Default test -->
  </suite> <!-- Default suite -->
</testng-results>
