<?xml version="1.0" encoding="UTF-8"?>
<testng-results ignored="3" total="4" passed="1" failed="0" skipped="0">
  <reporter-output>
  </reporter-output>
  <suite started-at="2018-07-23T08:57:55Z" name="Default suite" finished-at="2018-07-23T08:58:25Z" duration-ms="29953">
    <groups>
    </groups>
    <test started-at="2018-07-23T08:57:55Z" name="Default test" finished-at="2018-07-23T08:58:25Z" duration-ms="29953">
      <class name="MoH.GPLMultiple">
        <test-method is-config="true" signature="GetDriver()[pri:0, instance:MoH.GPLMultiple@741a8937]" started-at="2018-07-23T08:57:56Z" name="GetDriver" finished-at="2018-07-23T08:58:02Z" duration-ms="6052" status="PASS">
          <reporter-output>
          </reporter-output>
        </test-method> <!-- GetDriver -->
        <test-method signature="SubmitMultipleApp_Case5200()[pri:3, instance:MoH.GPLMultiple@741a8937]" started-at="2018-07-23T08:58:02Z" name="SubmitMultipleApp_Case5200" finished-at="2018-07-23T08:58:24Z" duration-ms="22004" status="PASS">
          <reporter-output>
          </reporter-output>
        </test-method> <!-- SubmitMultipleApp_Case5200 -->
        <test-method is-config="true" signature="End(org.testng.ITestResult)[pri:0, instance:MoH.GPLMultiple@741a8937]" started-at="2018-07-23T08:58:24Z" name="End" finished-at="2018-07-23T08:58:25Z" duration-ms="1881" status="PASS">
          <params>
            <param index="0">
              <value>
                <![CDATA[[TestResult name=SubmitMultipleApp_Case5200 status=SUCCESS method=GPLMultiple.SubmitMultipleApp_Case5200()[pri:3, instance:MoH.GPLMultiple@741a8937] output={null}]]]>
              </value>
            </param>
          </params>
          <reporter-output>
          </reporter-output>
        </test-method> <!-- End -->
      </class> <!-- MoH.GPLMultiple -->
    </test> <!-- Default test -->
  </suite> <!-- Default suite -->
</testng-results>
